#
# There is insufficient memory for the Java Runtime Environment to continue.
# Native memory allocation (mmap) failed to map 65536 bytes for Failed to commit metaspace.
# Possible reasons:
#   The system is out of physical RAM or swap space
#   The process is running with CompressedOops enabled, and the Java Heap may be blocking the growth of the native heap
# Possible solutions:
#   Reduce memory load on the system
#   Increase physical memory or swap space
#   Check if swap backing store is full
#   Decrease Java heap size (-Xmx/-Xms)
#   Decrease number of Java threads
#   Decrease Java thread stack sizes (-Xss)
#   Set larger code cache with -XX:ReservedCodeCacheSize=
#   JVM is running with Zero Based Compressed Oops mode in which the Java heap is
#     placed in the first 32GB address space. The Java Heap base address is the
#     maximum limit for the native heap growth. Please use -XX:HeapBaseMinAddress
#     to set the Java Heap base and to place the Java Heap above 32GB virtual address.
# This output file may be truncated or incomplete.
#
#  Out of Memory Error (virtualSpaceNode.cpp:110), pid=8364, tid=4108
#
# JRE version: OpenJDK Runtime Environment (18.0.2+9) (build 18.0.2+9-61)
# Java VM: OpenJDK 64-Bit Server VM (18.0.2+9-61, mixed mode, emulated-client, sharing, tiered, compressed oops, compressed class ptrs, g1 gc, windows-amd64)
# No core dump will be written. Minidumps are not enabled by default on client versions of Windows
#

---------------  S U M M A R Y ------------

Command Line: -XX:TieredStopAtLevel=1 -Dspring.output.ansi.enabled=always -Dcom.sun.management.jmxremote -Dspring.jmx.enabled=true -Dspring.liveBeansView.mbeanDomain -Dspring.application.admin.enabled=true -javaagent:C:\Program Files\JetBrains\IntelliJ IDEA 2022.2\lib\idea_rt.jar=51515:C:\Program Files\JetBrains\IntelliJ IDEA 2022.2\bin -Dfile.encoding=UTF-8 com.raj.FinalSalesken.FinalSaleskenApplication

Host: Intel(R) Core(TM) i7-10510U CPU @ 1.80GHz, 8 cores, 15G,  Windows 10 , 64 bit Build 19041 (10.0.19041.2251)
Time: Sat Dec 10 09:44:59 2022 India Standard Time elapsed time: 1.039905 seconds (0d 0h 0m 1s)

---------------  T H R E A D  ---------------

Current thread (0x000001b99ef6f320):  JavaThread "restartedMain" [_thread_in_vm, id=4108, stack(0x0000000880900000,0x0000000880a00000)]

Stack: [0x0000000880900000,0x0000000880a00000]
Native frames: (J=compiled Java code, j=interpreted, Vv=VM code, C=native code)
V  [jvm.dll+0x6993ca]
V  [jvm.dll+0x7f481d]
V  [jvm.dll+0x7f612e]
V  [jvm.dll+0x7f67e3]
V  [jvm.dll+0x25cdaf]
V  [jvm.dll+0x7f052b]
V  [jvm.dll+0x63f546]
V  [jvm.dll+0x1d741e]
V  [jvm.dll+0x641eeb]
V  [jvm.dll+0x641cee]
V  [jvm.dll+0x63ff0e]
V  [jvm.dll+0x2519c1]
V  [jvm.dll+0x202866]
V  [jvm.dll+0x202ce5]
V  [jvm.dll+0x20371f]
V  [jvm.dll+0x1f8bb1]
V  [jvm.dll+0x55dc05]
V  [jvm.dll+0x76e993]
V  [jvm.dll+0x76ea74]
V  [jvm.dll+0x42d7b4]
V  [jvm.dll+0x4334bf]
C  [java.dll+0x17ec]

Java frames: (J=compiled Java code, j=interpreted, Vv=VM code)
J 1211  java.lang.ClassLoader.defineClass1(Ljava/lang/ClassLoader;Ljava/lang/String;[BIILjava/security/ProtectionDomain;Ljava/lang/String;)Ljava/lang/Class; java.base@18.0.2 (0 bytes) @ 0x000001b98b55dce3 [0x000001b98b55dc20+0x00000000000000c3]
j  java.lang.System$2.defineClass(Ljava/lang/ClassLoader;Ljava/lang/String;[BLjava/security/ProtectionDomain;Ljava/lang/String;)Ljava/lang/Class;+10 java.base@18.0.2
j  java.lang.reflect.Proxy$ProxyBuilder.defineProxyClass(Ljava/lang/Module;Ljava/util/List;)Ljava/lang/Class;+398 java.base@18.0.2
j  java.lang.reflect.Proxy$ProxyBuilder.build()Ljava/lang/reflect/Constructor;+8 java.base@18.0.2
j  java.lang.reflect.Proxy.lambda$getProxyConstructor$0(Ljava/lang/ClassLoader;Ljdk/internal/loader/AbstractClassLoaderValue$Sub;)Ljava/lang/reflect/Constructor;+15 java.base@18.0.2
j  java.lang.reflect.Proxy$$Lambda$23+0x0000000800c772b8.apply(Ljava/lang/Object;Ljava/lang/Object;)Ljava/lang/Object;+8 java.base@18.0.2
j  jdk.internal.loader.AbstractClassLoaderValue$Memoizer.get()Ljava/lang/Object;+75 java.base@18.0.2
j  jdk.internal.loader.AbstractClassLoaderValue.computeIfAbsent(Ljava/lang/ClassLoader;Ljava/util/function/BiFunction;)Ljava/lang/Object;+63 java.base@18.0.2
j  java.lang.reflect.Proxy.getProxyConstructor(Ljava/lang/Class;Ljava/lang/ClassLoader;[Ljava/lang/Class;)Ljava/lang/reflect/Constructor;+40 java.base@18.0.2
j  java.lang.reflect.Proxy.newProxyInstance(Ljava/lang/ClassLoader;[Ljava/lang/Class;Ljava/lang/reflect/InvocationHandler;)Ljava/lang/Object;+22 java.base@18.0.2
j  sun.reflect.annotation.AnnotationParser$1.run()Ljava/lang/annotation/Annotation;+33 java.base@18.0.2
j  sun.reflect.annotation.AnnotationParser$1.run()Ljava/lang/Object;+1 java.base@18.0.2
J 1077 c1 java.security.AccessController.doPrivileged(Ljava/security/PrivilegedAction;)Ljava/lang/Object; java.base@18.0.2 (9 bytes) @ 0x000001b98b520d7c [0x000001b98b520d40+0x000000000000003c]
j  sun.reflect.annotation.AnnotationParser.annotationForMap(Ljava/lang/Class;Ljava/util/Map;)Ljava/lang/annotation/Annotation;+9 java.base@18.0.2
j  sun.reflect.annotation.AnnotationParser.parseAnnotation2(Ljava/nio/ByteBuffer;Ljdk/internal/reflect/ConstantPool;Ljava/lang/Class;Z[Ljava/lang/Class;)Ljava/lang/annotation/Annotation;+267 java.base@18.0.2
j  sun.reflect.annotation.AnnotationParser.parseAnnotations2([BLjdk/internal/reflect/ConstantPool;Ljava/lang/Class;[Ljava/lang/Class;)Ljava/util/Map;+41 java.base@18.0.2
j  sun.reflect.annotation.AnnotationParser.parseAnnotations([BLjdk/internal/reflect/ConstantPool;Ljava/lang/Class;)Ljava/util/Map;+12 java.base@18.0.2
j  java.lang.Class.createAnnotationData(I)Ljava/lang/Class$AnnotationData;+9 java.base@18.0.2
j  java.lang.Class.annotationData()Ljava/lang/Class$AnnotationData;+26 java.base@18.0.2
j  java.lang.Class.getDeclaredAnnotations()[Ljava/lang/annotation/Annotation;+1 java.base@18.0.2
j  org.springframework.core.annotation.AnnotationsScanner.getDeclaredAnnotations(Ljava/lang/reflect/AnnotatedElement;Z)[Ljava/lang/annotation/Annotation;+25
j  org.springframework.core.annotation.AnnotationsScanner.isKnownEmpty(Ljava/lang/reflect/AnnotatedElement;Lorg/springframework/core/annotation/MergedAnnotations$SearchStrategy;)Z+45
j  org.springframework.core.annotation.TypeMappedAnnotations.from(Ljava/lang/reflect/AnnotatedElement;Lorg/springframework/core/annotation/MergedAnnotations$SearchStrategy;Lorg/springframework/core/annotation/RepeatableContainers;Lorg/springframework/core/annotation/AnnotationFilter;)Lorg/springframework/core/annotation/MergedAnnotations;+2
j  org.springframework.core.annotation.MergedAnnotations.from(Ljava/lang/reflect/AnnotatedElement;Lorg/springframework/core/annotation/MergedAnnotations$SearchStrategy;Lorg/springframework/core/annotation/RepeatableContainers;Lorg/springframework/core/annotation/AnnotationFilter;)Lorg/springframework/core/annotation/MergedAnnotations;+16
j  org.springframework.core.annotation.MergedAnnotations.from(Ljava/lang/reflect/AnnotatedElement;Lorg/springframework/core/annotation/MergedAnnotations$SearchStrategy;Lorg/springframework/core/annotation/RepeatableContainers;)Lorg/springframework/core/annotation/MergedAnnotations;+6
j  org.springframework.core.type.StandardAnnotationMetadata.<init>(Ljava/lang/Class;Z)V+13
j  org.springframework.core.type.StandardAnnotationMetadata.from(Ljava/lang/Class;)Lorg/springframework/core/type/AnnotationMetadata;+6
j  org.springframework.core.type.AnnotationMetadata.introspect(Ljava/lang/Class;)Lorg/springframework/core/type/AnnotationMetadata;+1
j  org.springframework.beans.factory.annotation.AnnotatedGenericBeanDefinition.<init>(Ljava/lang/Class;)V+11
j  org.springframework.context.annotation.AnnotatedBeanDefinitionReader.doRegisterBean(Ljava/lang/Class;Ljava/lang/String;[Ljava/lang/Class;Ljava/util/function/Supplier;[Lorg/springframework/beans/factory/config/BeanDefinitionCustomizer;)V+5
j  org.springframework.context.annotation.AnnotatedBeanDefinitionReader.registerBean(Ljava/lang/Class;)V+6
j  org.springframework.context.annotation.AnnotatedBeanDefinitionReader.register([Ljava/lang/Class;)V+23
j  org.springframework.boot.BeanDefinitionLoader.load(Ljava/lang/Class;)V+63
j  org.springframework.boot.BeanDefinitionLoader.load(Ljava/lang/Object;)V+18
j  org.springframework.boot.BeanDefinitionLoader.load()V+23
j  org.springframework.boot.SpringApplication.load(Lorg/springframework/context/ApplicationContext;[Ljava/lang/Object;)V+99
j  org.springframework.boot.SpringApplication.prepareContext(Lorg/springframework/boot/DefaultBootstrapContext;Lorg/springframework/context/ConfigurableApplicationContext;Lorg/springframework/core/env/ConfigurableEnvironment;Lorg/springframework/boot/SpringApplicationRunListeners;Lorg/springframework/boot/ApplicationArguments;Lorg/springframework/boot/Banner;)V+193
j  org.springframework.boot.SpringApplication.run([Ljava/lang/String;)Lorg/springframework/context/ConfigurableApplicationContext;+101
j  org.springframework.boot.SpringApplication.run([Ljava/lang/Class;[Ljava/lang/String;)Lorg/springframework/context/ConfigurableApplicationContext;+9
j  org.springframework.boot.SpringApplication.run(Ljava/lang/Class;[Ljava/lang/String;)Lorg/springframework/context/ConfigurableApplicationContext;+9
j  com.raj.FinalSalesken.FinalSaleskenApplication.main([Ljava/lang/String;)V+3
j  java.lang.invoke.LambdaForm$DMH+0x0000000800c03400.invokeStatic(Ljava/lang/Object;Ljava/lang/Object;)V+10 java.base@18.0.2
j  java.lang.invoke.LambdaForm$MH+0x0000000800d05000.invoke(Ljava/lang/Object;Ljava/lang/Object;Ljava/lang/Object;)Ljava/lang/Object;+33 java.base@18.0.2
j  java.lang.invoke.Invokers$Holder.invokeExact_MT(Ljava/lang/Object;Ljava/lang/Object;Ljava/lang/Object;Ljava/lang/Object;)Ljava/lang/Object;+20 java.base@18.0.2
j  jdk.internal.reflect.DirectMethodHandleAccessor.invokeImpl(Ljava/lang/Object;[Ljava/lang/Object;)Ljava/lang/Object;+55 java.base@18.0.2
j  jdk.internal.reflect.DirectMethodHandleAccessor.invoke(Ljava/lang/Object;[Ljava/lang/Object;)Ljava/lang/Object;+23 java.base@18.0.2
j  java.lang.reflect.Method.invoke(Ljava/lang/Object;[Ljava/lang/Object;)Ljava/lang/Object;+102 java.base@18.0.2
j  org.springframework.boot.devtools.restart.RestartLauncher.run()V+42
v  ~StubRoutines::call_stub

---------------  P R O C E S S  ---------------

Threads class SMR info:
_java_thread_list=0x000001b99f64a520, length=19, elements={
0x000001b9837c22b0, 0x000001b99a205c80, 0x000001b99a206e00, 0x000001b99a21ec70,
0x000001b99a21f7e0, 0x000001b99a2210a0, 0x000001b99a222960, 0x000001b99a223350,
0x000001b99a22bc30, 0x000001b99a29e6e0, 0x000001b99a1eee30, 0x000001b99a1ef330,
0x000001b99e7fdde0, 0x000001b99e7fe2a0, 0x000001b99ea69840, 0x000001b99ebfd590,
0x000001b99ef63b90, 0x000001b99ef6f320, 0x000001b99f6414d0
}

Java Threads: ( => current thread )
  0x000001b9837c22b0 JavaThread "main" [_thread_blocked, id=3472, stack(0x00000008fe800000,0x00000008fe900000)]
  0x000001b99a205c80 JavaThread "Reference Handler" daemon [_thread_blocked, id=3356, stack(0x00000008fef00000,0x00000008ff000000)]
  0x000001b99a206e00 JavaThread "Finalizer" daemon [_thread_blocked, id=13800, stack(0x00000008ff000000,0x00000008ff100000)]
  0x000001b99a21ec70 JavaThread "Signal Dispatcher" daemon [_thread_blocked, id=14664, stack(0x00000008ff100000,0x00000008ff200000)]
  0x000001b99a21f7e0 JavaThread "Attach Listener" daemon [_thread_blocked, id=5916, stack(0x00000008ff200000,0x00000008ff300000)]
  0x000001b99a2210a0 JavaThread "Service Thread" daemon [_thread_blocked, id=9376, stack(0x00000008ff300000,0x00000008ff400000)]
  0x000001b99a222960 JavaThread "Monitor Deflation Thread" daemon [_thread_blocked, id=6172, stack(0x00000008ff400000,0x00000008ff500000)]
  0x000001b99a223350 JavaThread "C1 CompilerThread0" daemon [_thread_blocked, id=8560, stack(0x00000008ff500000,0x00000008ff600000)]
  0x000001b99a22bc30 JavaThread "Sweeper thread" daemon [_thread_blocked, id=5628, stack(0x00000008ff600000,0x00000008ff700000)]
  0x000001b99a29e6e0 JavaThread "Common-Cleaner" daemon [_thread_blocked, id=11528, stack(0x00000008ff700000,0x00000008ff800000)]
  0x000001b99a1eee30 JavaThread "C1 CompilerThread1" daemon [_thread_blocked, id=9188, stack(0x00000008ff800000,0x00000008ff900000)]
  0x000001b99a1ef330 JavaThread "C1 CompilerThread2" daemon [_thread_blocked, id=16456, stack(0x00000008ff900000,0x00000008ffa00000)]
  0x000001b99e7fdde0 JavaThread "Monitor Ctrl-Break" daemon [_thread_in_native, id=4120, stack(0x00000008ffa00000,0x00000008ffb00000)]
  0x000001b99e7fe2a0 JavaThread "Notification Thread" daemon [_thread_blocked, id=18184, stack(0x00000008ffb00000,0x00000008ffc00000)]
  0x000001b99ea69840 JavaThread "RMI TCP Accept-0" daemon [_thread_in_native, id=12940, stack(0x00000008ffc00000,0x00000008ffd00000)]
  0x000001b99ebfd590 JavaThread "C1 CompilerThread3" daemon [_thread_blocked, id=6720, stack(0x00000008ffe00000,0x00000008fff00000)]
  0x000001b99ef63b90 JavaThread "Thread-0" [_thread_blocked, id=12832, stack(0x0000000880800000,0x0000000880900000)]
=>0x000001b99ef6f320 JavaThread "restartedMain" [_thread_in_vm, id=4108, stack(0x0000000880900000,0x0000000880a00000)]
  0x000001b99f6414d0 JavaThread "background-preinit" [_thread_in_vm, id=18576, stack(0x0000000880a00000,0x0000000880b00000)]

Other Threads:
  0x000001b98384de30 VMThread "VM Thread" [stack: 0x00000008fee00000,0x00000008fef00000] [id=14820]
  0x000001b9837c3010 WatcherThread "VM Periodic Task Thread" [stack: 0x00000008ffd00000,0x00000008ffe00000] [id=14036]
  0x000001b983832220 WorkerThread "GC Thread#0" [stack: 0x00000008fe900000,0x00000008fea00000] [id=4812]
  0x000001b99eecad20 WorkerThread "GC Thread#1" [stack: 0x00000008fff00000,0x0000000900000000] [id=16580]
  0x000001b99eecafc0 WorkerThread "GC Thread#2" [stack: 0x0000000880000000,0x0000000880100000] [id=13984]
  0x000001b99eecf710 WorkerThread "GC Thread#3" [stack: 0x0000000880100000,0x0000000880200000] [id=15244]
  0x000001b99eecf9b0 WorkerThread "GC Thread#4" [stack: 0x0000000880200000,0x0000000880300000] [id=3652]
  0x000001b99eed00d0 WorkerThread "GC Thread#5" [stack: 0x0000000880300000,0x0000000880400000] [id=13780]
  0x000001b99ef48870 WorkerThread "GC Thread#6" [stack: 0x0000000880400000,0x0000000880500000] [id=19328]
  0x000001b99ef48f20 WorkerThread "GC Thread#7" [stack: 0x0000000880500000,0x0000000880600000] [id=3992]
  0x000001b983844c40 ConcurrentGCThread "G1 Main Marker" [stack: 0x00000008fea00000,0x00000008feb00000] [id=13060]
  0x000001b983845ce0 WorkerThread "G1 Conc#0" [stack: 0x00000008feb00000,0x00000008fec00000] [id=11052]
  0x000001b98387e450 ConcurrentGCThread "G1 Refine#0" [stack: 0x00000008fec00000,0x00000008fed00000] [id=18916]
  0x000001b99e4fba20 ConcurrentGCThread "G1 Refine#1" [stack: 0x0000000880600000,0x0000000880700000] [id=2608]
  0x000001b99e4fc170 ConcurrentGCThread "G1 Refine#2" [stack: 0x0000000880700000,0x0000000880800000] [id=15796]
  0x000001b98387ec70 ConcurrentGCThread "G1 Service" [stack: 0x00000008fed00000,0x00000008fee00000] [id=16444]

Threads with active compile tasks:

VM state: not at safepoint (normal execution)

VM Mutex/Monitor currently owned by a thread:  ([mutex/lock_event])
[0x000001b981646fb0] Metaspace_lock - owner thread: 0x000001b99ef6f320

Heap address: 0x0000000704400000, size: 4028 MB, Compressed Oops mode: Zero based, Oop shift amount: 3

CDS archive(s) mapped at: [0x0000000800000000-0x0000000800ba0000-0x0000000800ba0000), size 12189696, SharedBaseAddress: 0x0000000800000000, ArchiveRelocationMode: 0.
Compressed class space mapped at: 0x0000000800c00000-0x0000000840c00000, reserved size: 1073741824
Narrow klass base: 0x0000000800000000, Narrow klass shift: 0, Narrow klass range: 0x100000000

GC Precious Log:
 CardTable entry size: 512
 Card Set container configuration: InlinePtr #cards 4 size 8 Array Of Cards #cards 16 size 48 Howl #buckets 8 coarsen threshold 3686 Howl Bitmap #cards 512 size 80 coarsen threshold 460 Card regions per heap region 1 cards per card region 4096
 CPUs: 8 total, 8 available
 Memory: 16105M
 Large Page Support: Disabled
 NUMA Support: Disabled
 Compressed Oops: Enabled (Zero based)
 Heap Region Size: 2M
 Heap Min Capacity: 8M
 Heap Initial Capacity: 252M
 Heap Max Capacity: 4028M
 Pre-touch: Disabled
 Parallel Workers: 8
 Concurrent Workers: 2
 Concurrent Refinement Workers: 8
 Periodic GC: Disabled

Heap:
 garbage-first heap   total 258048K, used 24194K [0x0000000704400000, 0x0000000800000000)
  region size 2048K, 9 young (18432K), 1 survivors (2048K)
 Metaspace       used 13563K, committed 13824K, reserved 1114112K
  class space    used 1720K, committed 1856K, reserved 1048576K

Heap Regions: E=young(eden), S=young(survivor), O=old, HS=humongous(starts), HC=humongous(continues), CS=collection set, F=free, OA=open archive, CA=closed archive, TAMS=top-at-mark-start (previous, next)
|   0|0x0000000704400000, 0x0000000704600000, 0x0000000704600000|100%| O|  |TAMS 0x0000000704400000, 0x0000000704400000| Untracked 
|   1|0x0000000704600000, 0x0000000704800000, 0x0000000704800000|100%| O|  |TAMS 0x0000000704600000, 0x0000000704600000| Untracked 
|   2|0x0000000704800000, 0x0000000704a00000, 0x0000000704a00000|100%| O|  |TAMS 0x0000000704800000, 0x0000000704800000| Untracked 
|   3|0x0000000704a00000, 0x0000000704c00000, 0x0000000704c00000|100%| O|  |TAMS 0x0000000704a00000, 0x0000000704a00000| Untracked 
|   4|0x0000000704c00000, 0x0000000704c32a00, 0x0000000704e00000|  9%| O|  |TAMS 0x0000000704c00000, 0x0000000704c00000| Untracked 
|   5|0x0000000704e00000, 0x0000000704e00000, 0x0000000705000000|  0%| F|  |TAMS 0x0000000704e00000, 0x0000000704e00000| Untracked 
|   6|0x0000000705000000, 0x0000000705000000, 0x0000000705200000|  0%| F|  |TAMS 0x0000000705000000, 0x0000000705000000| Untracked 
|   7|0x0000000705200000, 0x0000000705200000, 0x0000000705400000|  0%| F|  |TAMS 0x0000000705200000, 0x0000000705200000| Untracked 
|   8|0x0000000705400000, 0x0000000705400000, 0x0000000705600000|  0%| F|  |TAMS 0x0000000705400000, 0x0000000705400000| Untracked 
|   9|0x0000000705600000, 0x0000000705600000, 0x0000000705800000|  0%| F|  |TAMS 0x0000000705600000, 0x0000000705600000| Untracked 
|  10|0x0000000705800000, 0x0000000705800000, 0x0000000705a00000|  0%| F|  |TAMS 0x0000000705800000, 0x0000000705800000| Untracked 
|  11|0x0000000705a00000, 0x0000000705a00000, 0x0000000705c00000|  0%| F|  |TAMS 0x0000000705a00000, 0x0000000705a00000| Untracked 
|  12|0x0000000705c00000, 0x0000000705c00000, 0x0000000705e00000|  0%| F|  |TAMS 0x0000000705c00000, 0x0000000705c00000| Untracked 
|  13|0x0000000705e00000, 0x0000000705e00000, 0x0000000706000000|  0%| F|  |TAMS 0x0000000705e00000, 0x0000000705e00000| Untracked 
|  14|0x0000000706000000, 0x0000000706000000, 0x0000000706200000|  0%| F|  |TAMS 0x0000000706000000, 0x0000000706000000| Untracked 
|  15|0x0000000706200000, 0x0000000706200000, 0x0000000706400000|  0%| F|  |TAMS 0x0000000706200000, 0x0000000706200000| Untracked 
|  16|0x0000000706400000, 0x0000000706400000, 0x0000000706600000|  0%| F|  |TAMS 0x0000000706400000, 0x0000000706400000| Untracked 
|  17|0x0000000706600000, 0x0000000706600000, 0x0000000706800000|  0%| F|  |TAMS 0x0000000706600000, 0x0000000706600000| Untracked 
|  18|0x0000000706800000, 0x0000000706800000, 0x0000000706a00000|  0%| F|  |TAMS 0x0000000706800000, 0x0000000706800000| Untracked 
|  19|0x0000000706a00000, 0x0000000706a00000, 0x0000000706c00000|  0%| F|  |TAMS 0x0000000706a00000, 0x0000000706a00000| Untracked 
|  20|0x0000000706c00000, 0x0000000706c00000, 0x0000000706e00000|  0%| F|  |TAMS 0x0000000706c00000, 0x0000000706c00000| Untracked 
|  21|0x0000000706e00000, 0x0000000706e00000, 0x0000000707000000|  0%| F|  |TAMS 0x0000000706e00000, 0x0000000706e00000| Untracked 
|  22|0x0000000707000000, 0x0000000707000000, 0x0000000707200000|  0%| F|  |TAMS 0x0000000707000000, 0x0000000707000000| Untracked 
|  23|0x0000000707200000, 0x0000000707200000, 0x0000000707400000|  0%| F|  |TAMS 0x0000000707200000, 0x0000000707200000| Untracked 
|  24|0x0000000707400000, 0x0000000707400000, 0x0000000707600000|  0%| F|  |TAMS 0x0000000707400000, 0x0000000707400000| Untracked 
|  25|0x0000000707600000, 0x0000000707600000, 0x0000000707800000|  0%| F|  |TAMS 0x0000000707600000, 0x0000000707600000| Untracked 
|  26|0x0000000707800000, 0x0000000707800000, 0x0000000707a00000|  0%| F|  |TAMS 0x0000000707800000, 0x0000000707800000| Untracked 
|  27|0x0000000707a00000, 0x0000000707a00000, 0x0000000707c00000|  0%| F|  |TAMS 0x0000000707a00000, 0x0000000707a00000| Untracked 
|  28|0x0000000707c00000, 0x0000000707c00000, 0x0000000707e00000|  0%| F|  |TAMS 0x0000000707c00000, 0x0000000707c00000| Untracked 
|  29|0x0000000707e00000, 0x0000000707e00000, 0x0000000708000000|  0%| F|  |TAMS 0x0000000707e00000, 0x0000000707e00000| Untracked 
|  30|0x0000000708000000, 0x0000000708000000, 0x0000000708200000|  0%| F|  |TAMS 0x0000000708000000, 0x0000000708000000| Untracked 
|  31|0x0000000708200000, 0x0000000708200000, 0x0000000708400000|  0%| F|  |TAMS 0x0000000708200000, 0x0000000708200000| Untracked 
|  32|0x0000000708400000, 0x0000000708400000, 0x0000000708600000|  0%| F|  |TAMS 0x0000000708400000, 0x0000000708400000| Untracked 
|  33|0x0000000708600000, 0x0000000708600000, 0x0000000708800000|  0%| F|  |TAMS 0x0000000708600000, 0x0000000708600000| Untracked 
|  34|0x0000000708800000, 0x0000000708800000, 0x0000000708a00000|  0%| F|  |TAMS 0x0000000708800000, 0x0000000708800000| Untracked 
|  35|0x0000000708a00000, 0x0000000708a00000, 0x0000000708c00000|  0%| F|  |TAMS 0x0000000708a00000, 0x0000000708a00000| Untracked 
|  36|0x0000000708c00000, 0x0000000708c00000, 0x0000000708e00000|  0%| F|  |TAMS 0x0000000708c00000, 0x0000000708c00000| Untracked 
|  37|0x0000000708e00000, 0x0000000708e00000, 0x0000000709000000|  0%| F|  |TAMS 0x0000000708e00000, 0x0000000708e00000| Untracked 
|  38|0x0000000709000000, 0x0000000709000000, 0x0000000709200000|  0%| F|  |TAMS 0x0000000709000000, 0x0000000709000000| Untracked 
|  39|0x0000000709200000, 0x0000000709200000, 0x0000000709400000|  0%| F|  |TAMS 0x0000000709200000, 0x0000000709200000| Untracked 
|  40|0x0000000709400000, 0x0000000709400000, 0x0000000709600000|  0%| F|  |TAMS 0x0000000709400000, 0x0000000709400000| Untracked 
|  41|0x0000000709600000, 0x0000000709600000, 0x0000000709800000|  0%| F|  |TAMS 0x0000000709600000, 0x0000000709600000| Untracked 
|  42|0x0000000709800000, 0x0000000709800000, 0x0000000709a00000|  0%| F|  |TAMS 0x0000000709800000, 0x0000000709800000| Untracked 
|  43|0x0000000709a00000, 0x0000000709a00000, 0x0000000709c00000|  0%| F|  |TAMS 0x0000000709a00000, 0x0000000709a00000| Untracked 
|  44|0x0000000709c00000, 0x0000000709c00000, 0x0000000709e00000|  0%| F|  |TAMS 0x0000000709c00000, 0x0000000709c00000| Untracked 
|  45|0x0000000709e00000, 0x0000000709e00000, 0x000000070a000000|  0%| F|  |TAMS 0x0000000709e00000, 0x0000000709e00000| Untracked 
|  46|0x000000070a000000, 0x000000070a000000, 0x000000070a200000|  0%| F|  |TAMS 0x000000070a000000, 0x000000070a000000| Untracked 
|  47|0x000000070a200000, 0x000000070a200000, 0x000000070a400000|  0%| F|  |TAMS 0x000000070a200000, 0x000000070a200000| Untracked 
|  48|0x000000070a400000, 0x000000070a400000, 0x000000070a600000|  0%| F|  |TAMS 0x000000070a400000, 0x000000070a400000| Untracked 
|  49|0x000000070a600000, 0x000000070a600000, 0x000000070a800000|  0%| F|  |TAMS 0x000000070a600000, 0x000000070a600000| Untracked 
|  50|0x000000070a800000, 0x000000070a800000, 0x000000070aa00000|  0%| F|  |TAMS 0x000000070a800000, 0x000000070a800000| Untracked 
|  51|0x000000070aa00000, 0x000000070aa00000, 0x000000070ac00000|  0%| F|  |TAMS 0x000000070aa00000, 0x000000070aa00000| Untracked 
|  52|0x000000070ac00000, 0x000000070ac00000, 0x000000070ae00000|  0%| F|  |TAMS 0x000000070ac00000, 0x000000070ac00000| Untracked 
|  53|0x000000070ae00000, 0x000000070ae00000, 0x000000070b000000|  0%| F|  |TAMS 0x000000070ae00000, 0x000000070ae00000| Untracked 
|  54|0x000000070b000000, 0x000000070b000000, 0x000000070b200000|  0%| F|  |TAMS 0x000000070b000000, 0x000000070b000000| Untracked 
|  55|0x000000070b200000, 0x000000070b200000, 0x000000070b400000|  0%| F|  |TAMS 0x000000070b200000, 0x000000070b200000| Untracked 
|  56|0x000000070b400000, 0x000000070b400000, 0x000000070b600000|  0%| F|  |TAMS 0x000000070b400000, 0x000000070b400000| Untracked 
|  57|0x000000070b600000, 0x000000070b600000, 0x000000070b800000|  0%| F|  |TAMS 0x000000070b600000, 0x000000070b600000| Untracked 
|  58|0x000000070b800000, 0x000000070b800000, 0x000000070ba00000|  0%| F|  |TAMS 0x000000070b800000, 0x000000070b800000| Untracked 
|  59|0x000000070ba00000, 0x000000070ba00000, 0x000000070bc00000|  0%| F|  |TAMS 0x000000070ba00000, 0x000000070ba00000| Untracked 
|  60|0x000000070bc00000, 0x000000070bc00000, 0x000000070be00000|  0%| F|  |TAMS 0x000000070bc00000, 0x000000070bc00000| Untracked 
|  61|0x000000070be00000, 0x000000070be00000, 0x000000070c000000|  0%| F|  |TAMS 0x000000070be00000, 0x000000070be00000| Untracked 
|  62|0x000000070c000000, 0x000000070c000000, 0x000000070c200000|  0%| F|  |TAMS 0x000000070c000000, 0x000000070c000000| Untracked 
|  63|0x000000070c200000, 0x000000070c200000, 0x000000070c400000|  0%| F|  |TAMS 0x000000070c200000, 0x000000070c200000| Untracked 
|  64|0x000000070c400000, 0x000000070c400000, 0x000000070c600000|  0%| F|  |TAMS 0x000000070c400000, 0x000000070c400000| Untracked 
|  65|0x000000070c600000, 0x000000070c600000, 0x000000070c800000|  0%| F|  |TAMS 0x000000070c600000, 0x000000070c600000| Untracked 
|  66|0x000000070c800000, 0x000000070c800000, 0x000000070ca00000|  0%| F|  |TAMS 0x000000070c800000, 0x000000070c800000| Untracked 
|  67|0x000000070ca00000, 0x000000070ca00000, 0x000000070cc00000|  0%| F|  |TAMS 0x000000070ca00000, 0x000000070ca00000| Untracked 
|  68|0x000000070cc00000, 0x000000070cc00000, 0x000000070ce00000|  0%| F|  |TAMS 0x000000070cc00000, 0x000000070cc00000| Untracked 
|  69|0x000000070ce00000, 0x000000070ce00000, 0x000000070d000000|  0%| F|  |TAMS 0x000000070ce00000, 0x000000070ce00000| Untracked 
|  70|0x000000070d000000, 0x000000070d000000, 0x000000070d200000|  0%| F|  |TAMS 0x000000070d000000, 0x000000070d000000| Untracked 
|  71|0x000000070d200000, 0x000000070d200000, 0x000000070d400000|  0%| F|  |TAMS 0x000000070d200000, 0x000000070d200000| Untracked 
|  72|0x000000070d400000, 0x000000070d400000, 0x000000070d600000|  0%| F|  |TAMS 0x000000070d400000, 0x000000070d400000| Untracked 
|  73|0x000000070d600000, 0x000000070d600000, 0x000000070d800000|  0%| F|  |TAMS 0x000000070d600000, 0x000000070d600000| Untracked 
|  74|0x000000070d800000, 0x000000070d800000, 0x000000070da00000|  0%| F|  |TAMS 0x000000070d800000, 0x000000070d800000| Untracked 
|  75|0x000000070da00000, 0x000000070da00000, 0x000000070dc00000|  0%| F|  |TAMS 0x000000070da00000, 0x000000070da00000| Untracked 
|  76|0x000000070dc00000, 0x000000070dc00000, 0x000000070de00000|  0%| F|  |TAMS 0x000000070dc00000, 0x000000070dc00000| Untracked 
|  77|0x000000070de00000, 0x000000070de00000, 0x000000070e000000|  0%| F|  |TAMS 0x000000070de00000, 0x000000070de00000| Untracked 
|  78|0x000000070e000000, 0x000000070e000000, 0x000000070e200000|  0%| F|  |TAMS 0x000000070e000000, 0x000000070e000000| Untracked 
|  79|0x000000070e200000, 0x000000070e200000, 0x000000070e400000|  0%| F|  |TAMS 0x000000070e200000, 0x000000070e200000| Untracked 
|  80|0x000000070e400000, 0x000000070e400000, 0x000000070e600000|  0%| F|  |TAMS 0x000000070e400000, 0x000000070e400000| Untracked 
|  81|0x000000070e600000, 0x000000070e600000, 0x000000070e800000|  0%| F|  |TAMS 0x000000070e600000, 0x000000070e600000| Untracked 
|  82|0x000000070e800000, 0x000000070e800000, 0x000000070ea00000|  0%| F|  |TAMS 0x000000070e800000, 0x000000070e800000| Untracked 
|  83|0x000000070ea00000, 0x000000070ea00000, 0x000000070ec00000|  0%| F|  |TAMS 0x000000070ea00000, 0x000000070ea00000| Untracked 
|  84|0x000000070ec00000, 0x000000070ec00000, 0x000000070ee00000|  0%| F|  |TAMS 0x000000070ec00000, 0x000000070ec00000| Untracked 
|  85|0x000000070ee00000, 0x000000070ee00000, 0x000000070f000000|  0%| F|  |TAMS 0x000000070ee00000, 0x000000070ee00000| Untracked 
|  86|0x000000070f000000, 0x000000070f000000, 0x000000070f200000|  0%| F|  |TAMS 0x000000070f000000, 0x000000070f000000| Untracked 
|  87|0x000000070f200000, 0x000000070f200000, 0x000000070f400000|  0%| F|  |TAMS 0x000000070f200000, 0x000000070f200000| Untracked 
|  88|0x000000070f400000, 0x000000070f400000, 0x000000070f600000|  0%| F|  |TAMS 0x000000070f400000, 0x000000070f400000| Untracked 
|  89|0x000000070f600000, 0x000000070f600000, 0x000000070f800000|  0%| F|  |TAMS 0x000000070f600000, 0x000000070f600000| Untracked 
|  90|0x000000070f800000, 0x000000070f800000, 0x000000070fa00000|  0%| F|  |TAMS 0x000000070f800000, 0x000000070f800000| Untracked 
|  91|0x000000070fa00000, 0x000000070fa00000, 0x000000070fc00000|  0%| F|  |TAMS 0x000000070fa00000, 0x000000070fa00000| Untracked 
|  92|0x000000070fc00000, 0x000000070fc00000, 0x000000070fe00000|  0%| F|  |TAMS 0x000000070fc00000, 0x000000070fc00000| Untracked 
|  93|0x000000070fe00000, 0x000000070fe00000, 0x0000000710000000|  0%| F|  |TAMS 0x000000070fe00000, 0x000000070fe00000| Untracked 
|  94|0x0000000710000000, 0x0000000710000000, 0x0000000710200000|  0%| F|  |TAMS 0x0000000710000000, 0x0000000710000000| Untracked 
|  95|0x0000000710200000, 0x0000000710200000, 0x0000000710400000|  0%| F|  |TAMS 0x0000000710200000, 0x0000000710200000| Untracked 
|  96|0x0000000710400000, 0x0000000710400000, 0x0000000710600000|  0%| F|  |TAMS 0x0000000710400000, 0x0000000710400000| Untracked 
|  97|0x0000000710600000, 0x0000000710600000, 0x0000000710800000|  0%| F|  |TAMS 0x0000000710600000, 0x0000000710600000| Untracked 
|  98|0x0000000710800000, 0x0000000710800000, 0x0000000710a00000|  0%| F|  |TAMS 0x0000000710800000, 0x0000000710800000| Untracked 
|  99|0x0000000710a00000, 0x0000000710a00000, 0x0000000710c00000|  0%| F|  |TAMS 0x0000000710a00000, 0x0000000710a00000| Untracked 
| 100|0x0000000710c00000, 0x0000000710c00000, 0x0000000710e00000|  0%| F|  |TAMS 0x0000000710c00000, 0x0000000710c00000| Untracked 
| 101|0x0000000710e00000, 0x0000000710e00000, 0x0000000711000000|  0%| F|  |TAMS 0x0000000710e00000, 0x0000000710e00000| Untracked 
| 102|0x0000000711000000, 0x0000000711000000, 0x0000000711200000|  0%| F|  |TAMS 0x0000000711000000, 0x0000000711000000| Untracked 
| 103|0x0000000711200000, 0x0000000711200000, 0x0000000711400000|  0%| F|  |TAMS 0x0000000711200000, 0x0000000711200000| Untracked 
| 104|0x0000000711400000, 0x0000000711400000, 0x0000000711600000|  0%| F|  |TAMS 0x0000000711400000, 0x0000000711400000| Untracked 
| 105|0x0000000711600000, 0x0000000711600000, 0x0000000711800000|  0%| F|  |TAMS 0x0000000711600000, 0x0000000711600000| Untracked 
| 106|0x0000000711800000, 0x0000000711800000, 0x0000000711a00000|  0%| F|  |TAMS 0x0000000711800000, 0x0000000711800000| Untracked 
| 107|0x0000000711a00000, 0x0000000711a00000, 0x0000000711c00000|  0%| F|  |TAMS 0x0000000711a00000, 0x0000000711a00000| Untracked 
| 108|0x0000000711c00000, 0x0000000711c00000, 0x0000000711e00000|  0%| F|  |TAMS 0x0000000711c00000, 0x0000000711c00000| Untracked 
| 109|0x0000000711e00000, 0x0000000711e00000, 0x0000000712000000|  0%| F|  |TAMS 0x0000000711e00000, 0x0000000711e00000| Untracked 
| 110|0x0000000712000000, 0x0000000712000000, 0x0000000712200000|  0%| F|  |TAMS 0x0000000712000000, 0x0000000712000000| Untracked 
| 111|0x0000000712200000, 0x0000000712200000, 0x0000000712400000|  0%| F|  |TAMS 0x0000000712200000, 0x0000000712200000| Untracked 
| 112|0x0000000712400000, 0x0000000712400000, 0x0000000712600000|  0%| F|  |TAMS 0x0000000712400000, 0x0000000712400000| Untracked 
| 113|0x0000000712600000, 0x0000000712600000, 0x0000000712800000|  0%| F|  |TAMS 0x0000000712600000, 0x0000000712600000| Untracked 
| 114|0x0000000712800000, 0x0000000712800000, 0x0000000712a00000|  0%| F|  |TAMS 0x0000000712800000, 0x0000000712800000| Untracked 
| 115|0x0000000712a00000, 0x0000000712b6e150, 0x0000000712c00000| 71%| S|CS|TAMS 0x0000000712a00000, 0x0000000712a00000| Complete 
| 116|0x0000000712c00000, 0x0000000712c00000, 0x0000000712e00000|  0%| F|  |TAMS 0x0000000712c00000, 0x0000000712c00000| Untracked 
| 117|0x0000000712e00000, 0x0000000712e00000, 0x0000000713000000|  0%| F|  |TAMS 0x0000000712e00000, 0x0000000712e00000| Untracked 
| 118|0x0000000713000000, 0x00000007130368b0, 0x0000000713200000| 10%| E|  |TAMS 0x0000000713000000, 0x0000000713000000| Complete 
| 119|0x0000000713200000, 0x0000000713400000, 0x0000000713400000|100%| E|CS|TAMS 0x0000000713200000, 0x0000000713200000| Complete 
| 120|0x0000000713400000, 0x0000000713600000, 0x0000000713600000|100%| E|CS|TAMS 0x0000000713400000, 0x0000000713400000| Complete 
| 121|0x0000000713600000, 0x0000000713800000, 0x0000000713800000|100%| E|CS|TAMS 0x0000000713600000, 0x0000000713600000| Complete 
| 122|0x0000000713800000, 0x0000000713a00000, 0x0000000713a00000|100%| E|CS|TAMS 0x0000000713800000, 0x0000000713800000| Complete 
| 123|0x0000000713a00000, 0x0000000713c00000, 0x0000000713c00000|100%| E|CS|TAMS 0x0000000713a00000, 0x0000000713a00000| Complete 
| 124|0x0000000713c00000, 0x0000000713e00000, 0x0000000713e00000|100%| E|CS|TAMS 0x0000000713c00000, 0x0000000713c00000| Complete 
| 125|0x0000000713e00000, 0x0000000714000000, 0x0000000714000000|100%| E|CS|TAMS 0x0000000713e00000, 0x0000000713e00000| Complete 

Card table byte_map: [0x000001b98e9e0000,0x000001b98f1c0000] _byte_map_base: 0x000001b98b1be000

Marking Bits (Prev, Next): (CMBitMap*) 0x000001b983834750, (CMBitMap*) 0x000001b983834790
 Prev Bits: [0x000001b98f9a0000, 0x000001b993890000)
 Next Bits: [0x000001b993890000, 0x000001b997780000)

Polling page: 0x000001b981750000

Metaspace:

Usage:
  Non-class:     11.57 MB used.
      Class:      1.68 MB used.
       Both:     13.25 MB used.

Virtual space:
  Non-class space:       64.00 MB reserved,      11.69 MB ( 18%) committed,  1 nodes.
      Class space:        1.00 GB reserved,       1.81 MB ( <1%) committed,  1 nodes.
             Both:        1.06 GB reserved,      13.50 MB (  1%) committed. 

Chunk freelists:
   Non-Class:  3.98 MB
       Class:  2.23 MB
        Both:  6.22 MB

MaxMetaspaceSize: unlimited
CompressedClassSpaceSize: 1.00 GB
Initial GC threshold: 21.00 MB
Current GC threshold: 21.00 MB
CDS: on
MetaspaceReclaimPolicy: balanced
 - commit_granule_bytes: 65536.
 - commit_granule_words: 8192.
 - virtual_space_node_default_size: 8388608.
 - enlarge_chunks_in_place: 1.
 - new_chunks_are_fully_committed: 0.
 - uncommit_free_chunks: 1.
 - use_allocation_guard: 0.


Internal statistics:

num_allocs_failed_limit: 0.
num_arena_births: 242.
num_arena_deaths: 0.
num_vsnodes_births: 2.
num_vsnodes_deaths: 0.
num_space_committed: 216.
num_space_uncommitted: 0.
num_chunks_returned_to_freelist: 0.
num_chunks_taken_from_freelist: 586.
num_chunk_merges: 0.
num_chunk_splits: 408.
num_chunks_enlarged: 309.
num_inconsistent_stats: 0.

CodeCache: size=49152Kb used=5787Kb max_used=5787Kb free=43364Kb
 bounds [0x000001b98b0f0000, 0x000001b98b6a0000, 0x000001b98e0f0000]
 total_blobs=2445 nmethods=1971 adapters=398
 compilation: enabled
              stopped_count=0, restarted_count=0
 full_count=0

Compilation events (20 events):
Event: 1.037 Thread 0x000001b99ebfd590 1962       1       java.lang.invoke.BoundMethodHandle::rebind (14 bytes)
Event: 1.037 Thread 0x000001b99a1eee30 1963       1       java.lang.invoke.BoundMethodHandle::tooComplex (27 bytes)
Event: 1.038 Thread 0x000001b99a1eee30 nmethod 1963 0x000001b98b690d10 code [0x000001b98b690ec0, 0x000001b98b691038]
Event: 1.038 Thread 0x000001b99a1eee30 1964       1       java.lang.invoke.BoundMethodHandle::fieldCount (8 bytes)
Event: 1.038 Thread 0x000001b99a1eee30 nmethod 1964 0x000001b98b691190 code [0x000001b98b691340, 0x000001b98b691458]
Event: 1.038 Thread 0x000001b99a1eee30 1965       1       java.lang.invoke.LambdaForm::expressionCount (11 bytes)
Event: 1.038 Thread 0x000001b99ebfd590 nmethod 1962 0x000001b98b691510 code [0x000001b98b691700, 0x000001b98b691a28]
Event: 1.038 Thread 0x000001b99a1eee30 nmethod 1965 0x000001b98b691c90 code [0x000001b98b691e20, 0x000001b98b691ef8]
Event: 1.038 Thread 0x000001b99a1ef330 nmethod 1960 0x000001b98b691f90 code [0x000001b98b692180, 0x000001b98b6925e8]
Event: 1.038 Thread 0x000001b99a1ef330 1966       1       java.util.concurrent.ConcurrentHashMap$EntryIterator::next (5 bytes)
Event: 1.038 Thread 0x000001b99ebfd590 1967       1       java.util.concurrent.ConcurrentHashMap$EntryIterator::next (51 bytes)
Event: 1.038 Thread 0x000001b99a1eee30 1968       1       java.util.concurrent.ConcurrentHashMap$MapEntry::<init> (20 bytes)
Event: 1.038 Thread 0x000001b99a1ef330 nmethod 1966 0x000001b98b692990 code [0x000001b98b692b20, 0x000001b98b692c08]
Event: 1.038 Thread 0x000001b99a1eee30 nmethod 1968 0x000001b98b692c90 code [0x000001b98b692e20, 0x000001b98b693018]
Event: 1.038 Thread 0x000001b99a1eee30 1969       1       java.util.Map$Entry$$Lambda$297/0x0000000800cbba30::compare (12 bytes)
Event: 1.038 Thread 0x000001b99a1ef330 1970       1       java.util.Map$Entry::lambda$comparingByKey$bbdbfea9$1 (21 bytes)
Event: 1.039 Thread 0x000001b99ebfd590 nmethod 1967 0x000001b98b693090 code [0x000001b98b693240, 0x000001b98b6935f8]
Event: 1.039 Thread 0x000001b99a223350 nmethod 1961 0x000001b98b693710 code [0x000001b98b693aa0, 0x000001b98b694b88]
Event: 1.039 Thread 0x000001b99a1eee30 nmethod 1969 0x000001b98b695290 code [0x000001b98b695460, 0x000001b98b6956a8]
Event: 1.039 Thread 0x000001b99a1ef330 nmethod 1970 0x000001b98b695810 code [0x000001b98b6959c0, 0x000001b98b695b48]

GC Heap History (4 events):
Event: 0.609 GC heap before
{Heap before GC invocations=0 (full 0):
 garbage-first heap   total 258048K, used 20480K [0x0000000704400000, 0x0000000800000000)
  region size 2048K, 11 young (22528K), 0 survivors (0K)
 Metaspace       used 6581K, committed 6784K, reserved 1114112K
  class space    used 783K, committed 896K, reserved 1048576K
}
Event: 0.613 GC heap after
{Heap after GC invocations=1 (full 0):
 garbage-first heap   total 258048K, used 8363K [0x0000000704400000, 0x0000000800000000)
  region size 2048K, 2 young (4096K), 2 survivors (4096K)
 Metaspace       used 6581K, committed 6784K, reserved 1114112K
  class space    used 783K, committed 896K, reserved 1048576K
}
Event: 0.933 GC heap before
{Heap before GC invocations=1 (full 0):
 garbage-first heap   total 258048K, used 28843K [0x0000000704400000, 0x0000000800000000)
  region size 2048K, 12 young (24576K), 2 survivors (4096K)
 Metaspace       used 10100K, committed 10368K, reserved 1114112K
  class space    used 1318K, committed 1408K, reserved 1048576K
}
Event: 0.937 GC heap after
{Heap after GC invocations=2 (full 0):
 garbage-first heap   total 258048K, used 9858K [0x0000000704400000, 0x0000000800000000)
  region size 2048K, 1 young (2048K), 1 survivors (2048K)
 Metaspace       used 10100K, committed 10368K, reserved 1114112K
  class space    used 1318K, committed 1408K, reserved 1048576K
}

Deoptimization events (0 events):
No events

Classes loaded (20 events):
Event: 1.029 Loading class java/time/zone/ZoneRulesProvider
Event: 1.029 Loading class java/time/zone/ZoneRulesProvider done
Event: 1.029 Loading class java/time/zone/ZoneRulesProvider$1
Event: 1.029 Loading class java/time/zone/ZoneRulesProvider$1 done
Event: 1.029 Loading class java/time/zone/TzdbZoneRulesProvider
Event: 1.029 Loading class java/time/zone/TzdbZoneRulesProvider done
Event: 1.030 Loading class java/io/CharConversionException
Event: 1.030 Loading class java/io/CharConversionException done
Event: 1.031 Loading class java/time/zone/Ser
Event: 1.031 Loading class java/time/zone/Ser done
Event: 1.032 Loading class java/io/CharArrayReader
Event: 1.032 Loading class java/io/CharArrayReader done
Event: 1.032 Loading class java/time/zone/ZoneOffsetTransition
Event: 1.032 Loading class java/time/zone/ZoneOffsetTransition done
Event: 1.033 Loading class sun/util/cldr/CLDRBaseLocaleDataMetaInfo$TZCanonicalIDMapHolder
Event: 1.033 Loading class sun/util/cldr/CLDRBaseLocaleDataMetaInfo$TZCanonicalIDMapHolder done
Event: 1.035 Loading class sun/util/resources/TimeZoneNames
Event: 1.035 Loading class sun/util/resources/TimeZoneNames done
Event: 1.035 Loading class sun/util/resources/TimeZoneNames_en
Event: 1.035 Loading class sun/util/resources/TimeZoneNames_en done

Classes unloaded (0 events):
No events

Classes redefined (0 events):
No events

Internal exceptions (20 events):
Event: 0.827 Thread 0x000001b99ef6f320 Exception <a 'java/lang/NoSuchMethodError'{0x0000000713075f00}: 'java.lang.Object java.lang.invoke.DirectMethodHandle$Holder.invokeSpecial(java.lang.Object, java.lang.Object, java.lang.Object, java.lang.Object, java.lang.Object, java.lang.Object, int)'> (0x0000000713075f00) 
thrown [s\open\src\hotspot\share\interpreter\linkResolver.cpp, line 759]
Event: 0.827 Thread 0x000001b99ef6f320 Exception <a 'java/lang/NoSuchMethodError'{0x0000000713080458}: 'java.lang.Object java.lang.invoke.DirectMethodHandle$Holder.newInvokeSpecial(java.lang.Object, java.lang.Object, java.lang.Object, java.lang.Object, java.lang.Object, java.lang.Object, int)'> (0x0000000713080458) 
thrown [s\open\src\hotspot\share\interpreter\linkResolver.cpp, line 759]
Event: 0.828 Thread 0x000001b99ef6f320 Exception <a 'java/lang/NoSuchMethodError'{0x00000007130856e0}: 'java.lang.Object java.lang.invoke.DirectMethodHandle$Holder.invokeSpecial(java.lang.Object, java.lang.Object, java.lang.Object, java.lang.Object, java.lang.Object, java.lang.Object, java.lang.Object, int)'> (0x00000007130856e0) 
thrown [s\open\src\hotspot\share\interpreter\linkResolver.cpp, line 759]
Event: 0.866 Thread 0x000001b99ef6f320 Exception <a 'java/lang/NoSuchMethodError'{0x0000000712eb7078}: 'java.lang.Object java.lang.invoke.DirectMethodHandle$Holder.invokeInterface(java.lang.Object, java.lang.Object)'> (0x0000000712eb7078) 
thrown [s\open\src\hotspot\share\interpreter\linkResolver.cpp, line 759]
Event: 0.867 Thread 0x000001b99ef6f320 Exception <a 'java/lang/NoSuchMethodError'{0x0000000712ec9228}: 'java.lang.Object java.lang.invoke.DirectMethodHandle$Holder.invokeSpecial(java.lang.Object, java.lang.Object, java.lang.Object, int, java.lang.Object)'> (0x0000000712ec9228) 
thrown [s\open\src\hotspot\share\interpreter\linkResolver.cpp, line 759]
Event: 0.868 Thread 0x000001b99ef6f320 Exception <a 'java/lang/NoSuchMethodError'{0x0000000712ed1888}: 'java.lang.Object java.lang.invoke.DirectMethodHandle$Holder.newInvokeSpecial(java.lang.Object, java.lang.Object, java.lang.Object, int, java.lang.Object)'> (0x0000000712ed1888) 
thrown [s\open\src\hotspot\share\interpreter\linkResolver.cpp, line 759]
Event: 0.868 Thread 0x000001b99ef6f320 Exception <a 'java/lang/NoSuchMethodError'{0x0000000712ed9268}: 'java.lang.Object java.lang.invoke.Invokers$Holder.linkToTargetMethod(java.lang.Object, java.lang.Object, int, java.lang.Object, java.lang.Object)'> (0x0000000712ed9268) 
thrown [s\open\src\hotspot\share\interpreter\linkResolver.cpp, line 759]
Event: 0.869 Thread 0x000001b99ef6f320 Exception <a 'java/lang/NoSuchMethodError'{0x0000000712ee9478}: 'java.lang.Object java.lang.invoke.DirectMethodHandle$Holder.newInvokeSpecial(java.lang.Object, int, java.lang.Object)'> (0x0000000712ee9478) 
thrown [s\open\src\hotspot\share\interpreter\linkResolver.cpp, line 759]
Event: 0.870 Thread 0x000001b99ef6f320 Exception <a 'java/lang/NoSuchMethodError'{0x0000000712eedee0}: 'int java.lang.invoke.DirectMethodHandle$Holder.invokeSpecialIFC(java.lang.Object, java.lang.Object, java.lang.Object, java.lang.Object)'> (0x0000000712eedee0) 
thrown [s\open\src\hotspot\share\interpreter\linkResolver.cpp, line 759]
Event: 0.886 Thread 0x000001b99ef6f320 Exception <a 'java/lang/NoSuchMethodError'{0x0000000712fc67e8}: 'void java.lang.invoke.DirectMethodHandle$Holder.invokeInterface(java.lang.Object, java.lang.Object, java.lang.Object)'> (0x0000000712fc67e8) 
thrown [s\open\src\hotspot\share\interpreter\linkResolver.cpp, line 759]
Event: 0.901 Thread 0x000001b99ef6f320 Exception <a 'java/lang/NoSuchMethodError'{0x0000000712c628c8}: 'java.lang.Object java.lang.invoke.DirectMethodHandle$Holder.invokeVirtual(java.lang.Object, java.lang.Object, java.lang.Object)'> (0x0000000712c628c8) 
thrown [s\open\src\hotspot\share\interpreter\linkResolver.cpp, line 759]
Event: 0.912 Thread 0x000001b99ef6f320 Exception <a 'java/lang/NoSuchMethodError'{0x0000000712d10b70}: 'void java.lang.invoke.DirectMethodHandle$Holder.invokeStatic(java.lang.Object, java.lang.Object, int)'> (0x0000000712d10b70) 
thrown [s\open\src\hotspot\share\interpreter\linkResolver.cpp, line 759]
Event: 0.913 Thread 0x000001b99ef6f320 Exception <a 'java/lang/NoSuchMethodError'{0x0000000712d18850}: 'void java.lang.invoke.DirectMethodHandle$Holder.invokeStaticInit(java.lang.Object, java.lang.Object)'> (0x0000000712d18850) 
thrown [s\open\src\hotspot\share\interpreter\linkResolver.cpp, line 759]
Event: 0.914 Thread 0x000001b99ef6f320 Exception <a 'java/lang/NoSuchMethodError'{0x0000000712d26ab0}: 'void java.lang.invoke.DirectMethodHandle$Holder.invokeStaticInit(java.lang.Object, java.lang.Object, java.lang.Object)'> (0x0000000712d26ab0) 
thrown [s\open\src\hotspot\share\interpreter\linkResolver.cpp, line 759]
Event: 0.924 Thread 0x000001b99ef6f320 Exception <a 'java/lang/NoSuchMethodError'{0x0000000712d92b98}: 'void java.lang.invoke.DirectMethodHandle$Holder.invokeVirtual(java.lang.Object, java.lang.Object, java.lang.Object, java.lang.Object)'> (0x0000000712d92b98) 
thrown [s\open\src\hotspot\share\interpreter\linkResolver.cpp, line 759]
Event: 0.951 Thread 0x000001b99ef6f320 Exception <a 'java/lang/NoSuchMethodError'{0x0000000713ed2788}: 'void java.lang.invoke.DirectMethodHandle$Holder.invokeSpecial(java.lang.Object, java.lang.Object, java.lang.Object, java.lang.Object, java.lang.Object)'> (0x0000000713ed2788) 
thrown [s\open\src\hotspot\share\interpreter\linkResolver.cpp, line 759]
Event: 0.955 Thread 0x000001b99ef6f320 Exception <a 'java/lang/IncompatibleClassChangeError'{0x0000000713fa9ba8}: Found class java.lang.Object, but interface was expected> (0x0000000713fa9ba8) 
thrown [s\open\src\hotspot\share\interpreter\linkResolver.cpp, line 826]
Event: 0.955 Thread 0x000001b99f6414d0 Exception <a 'java/lang/NoClassDefFoundError'{0x0000000713f88a98}: javax/validation/Validation> (0x0000000713f88a98) 
thrown [s\open\src\hotspot\share\classfile\systemDictionary.cpp, line 244]
Event: 0.976 Thread 0x000001b99f6414d0 Exception <a 'java/lang/NoSuchMethodError'{0x0000000713dea790}: 'java.lang.Object java.lang.invoke.DirectMethodHandle$Holder.invokeStaticInit(java.lang.Object, java.lang.Object, java.lang.Object, java.lang.Object, java.lang.Object)'> (0x0000000713dea790) 
thrown [s\open\src\hotspot\share\interpreter\linkResolver.cpp, line 759]
Event: 1.027 Thread 0x000001b99ef6f320 Exception <a 'java/lang/NoSuchMethodError'{0x00000007135293b0}: 'int java.lang.invoke.Invokers$Holder.invokeExact_MT(java.lang.Object, java.lang.Object)'> (0x00000007135293b0) 
thrown [s\open\src\hotspot\share\interpreter\linkResolver.cpp, line 759]

VM Operations (20 events):
Event: 0.268 Executing VM operation: HandshakeAllThreads
Event: 0.268 Executing VM operation: HandshakeAllThreads done
Event: 0.351 Executing VM operation: HandshakeAllThreads
Event: 0.351 Executing VM operation: HandshakeAllThreads done
Event: 0.438 Executing VM operation: HandshakeAllThreads
Event: 0.438 Executing VM operation: HandshakeAllThreads done
Event: 0.537 Executing VM operation: HandshakeAllThreads
Event: 0.537 Executing VM operation: HandshakeAllThreads done
Event: 0.608 Executing VM operation: G1CollectForAllocation
Event: 0.613 Executing VM operation: G1CollectForAllocation done
Event: 0.701 Executing VM operation: HandshakeAllThreads
Event: 0.702 Executing VM operation: HandshakeAllThreads done
Event: 0.856 Executing VM operation: HandshakeAllThreads
Event: 0.856 Executing VM operation: HandshakeAllThreads done
Event: 0.932 Executing VM operation: ICBufferFull
Event: 0.932 Executing VM operation: ICBufferFull done
Event: 0.933 Executing VM operation: G1CollectForAllocation
Event: 0.937 Executing VM operation: G1CollectForAllocation done
Event: 0.960 Executing VM operation: HandshakeAllThreads
Event: 0.960 Executing VM operation: HandshakeAllThreads done

Events (20 events):
Event: 0.110 Thread 0x000001b99a29e6e0 Thread added: 0x000001b99a29e6e0
Event: 0.117 Thread 0x000001b99a1eee30 Thread added: 0x000001b99a1eee30
Event: 0.117 Thread 0x000001b99a1ef330 Thread added: 0x000001b99a1ef330
Event: 0.125 Loaded shared library C:\Users\rajma\.jdks\openjdk-18.0.2\bin\zip.dll
Event: 0.128 Loaded shared library C:\Users\rajma\.jdks\openjdk-18.0.2\bin\instrument.dll
Event: 0.134 Loaded shared library C:\Users\rajma\.jdks\openjdk-18.0.2\bin\net.dll
Event: 0.136 Loaded shared library C:\Users\rajma\.jdks\openjdk-18.0.2\bin\nio.dll
Event: 0.139 Loaded shared library C:\Users\rajma\.jdks\openjdk-18.0.2\bin\zip.dll
Event: 0.226 Loaded shared library C:\Program Files\JetBrains\IntelliJ IDEA 2022.2\bin\breakgen64.dll
Event: 0.226 Thread 0x000001b99e7fdde0 Thread added: 0x000001b99e7fdde0
Event: 0.226 Thread 0x000001b99e7fe2a0 Thread added: 0x000001b99e7fe2a0
Event: 0.230 Loaded shared library C:\Users\rajma\.jdks\openjdk-18.0.2\bin\jimage.dll
Event: 0.250 Loaded shared library C:\Users\rajma\.jdks\openjdk-18.0.2\bin\management.dll
Event: 0.259 Loaded shared library C:\Users\rajma\.jdks\openjdk-18.0.2\bin\management_ext.dll
Event: 0.430 Thread 0x000001b99ea69840 Thread added: 0x000001b99ea69840
Event: 0.455 Loaded shared library C:\Users\rajma\.jdks\openjdk-18.0.2\bin\verify.dll
Event: 0.501 Thread 0x000001b99ebfd590 Thread added: 0x000001b99ebfd590
Event: 0.667 Thread 0x000001b99ef63b90 Thread added: 0x000001b99ef63b90
Event: 0.671 Thread 0x000001b99ef6f320 Thread added: 0x000001b99ef6f320
Event: 0.953 Thread 0x000001b99f6414d0 Thread added: 0x000001b99f6414d0


Dynamic libraries:
0x00007ff6b1620000 - 0x00007ff6b162e000 	C:\Users\rajma\.jdks\openjdk-18.0.2\bin\java.exe
0x00007ff8d21b0000 - 0x00007ff8d23a8000 	C:\WINDOWS\SYSTEM32\ntdll.dll
0x00007ff8d0950000 - 0x00007ff8d0a0f000 	C:\WINDOWS\System32\KERNEL32.DLL
0x00007ff8cfd50000 - 0x00007ff8d0022000 	C:\WINDOWS\System32\KERNELBASE.dll
0x00007ff8cfbd0000 - 0x00007ff8cfcd0000 	C:\WINDOWS\System32\ucrtbase.dll
0x00007ff8ac380000 - 0x00007ff8ac39a000 	C:\Users\rajma\.jdks\openjdk-18.0.2\bin\VCRUNTIME140.dll
0x00007ff8b0dc0000 - 0x00007ff8b0dd7000 	C:\Users\rajma\.jdks\openjdk-18.0.2\bin\jli.dll
0x00007ff8d1fd0000 - 0x00007ff8d216d000 	C:\WINDOWS\System32\USER32.dll
0x00007ff8b2aa0000 - 0x00007ff8b2d3a000 	C:\WINDOWS\WinSxS\amd64_microsoft.windows.common-controls_6595b64144ccf1df_6.0.19041.1110_none_60b5254171f9507e\COMCTL32.dll
0x00007ff8cfba0000 - 0x00007ff8cfbc2000 	C:\WINDOWS\System32\win32u.dll
0x00007ff8d0b30000 - 0x00007ff8d0bce000 	C:\WINDOWS\System32\msvcrt.dll
0x00007ff8d1870000 - 0x00007ff8d189b000 	C:\WINDOWS\System32\GDI32.dll
0x00007ff8cf8b0000 - 0x00007ff8cf9bf000 	C:\WINDOWS\System32\gdi32full.dll
0x00007ff8cfb00000 - 0x00007ff8cfb9d000 	C:\WINDOWS\System32\msvcp_win.dll
0x00007ff8d0ca0000 - 0x00007ff8d0cd2000 	C:\WINDOWS\System32\IMM32.DLL
0x00007ff8b29d0000 - 0x00007ff8b29dc000 	C:\Users\rajma\.jdks\openjdk-18.0.2\bin\vcruntime140_1.dll
0x00007ff8823d0000 - 0x00007ff88245d000 	C:\Users\rajma\.jdks\openjdk-18.0.2\bin\msvcp140.dll
0x00007ff8733a0000 - 0x00007ff873fb1000 	C:\Users\rajma\.jdks\openjdk-18.0.2\bin\server\jvm.dll
0x00007ff8d1f20000 - 0x00007ff8d1fce000 	C:\WINDOWS\System32\ADVAPI32.dll
0x00007ff8d0a10000 - 0x00007ff8d0aac000 	C:\WINDOWS\System32\sechost.dll
0x00007ff8d11f0000 - 0x00007ff8d1315000 	C:\WINDOWS\System32\RPCRT4.dll
0x00007ff8d1860000 - 0x00007ff8d1868000 	C:\WINDOWS\System32\PSAPI.DLL
0x00007ff8b07e0000 - 0x00007ff8b0807000 	C:\WINDOWS\SYSTEM32\WINMM.dll
0x00007ff8c81b0000 - 0x00007ff8c81ba000 	C:\WINDOWS\SYSTEM32\VERSION.dll
0x00007ff8ae890000 - 0x00007ff8ae899000 	C:\WINDOWS\SYSTEM32\WSOCK32.dll
0x00007ff8d18a0000 - 0x00007ff8d190b000 	C:\WINDOWS\System32\WS2_32.dll
0x00007ff8cd710000 - 0x00007ff8cd722000 	C:\WINDOWS\SYSTEM32\kernel.appcore.dll
0x00007ff8b29a0000 - 0x00007ff8b29aa000 	C:\Users\rajma\.jdks\openjdk-18.0.2\bin\jimage.dll
0x00007ff8c5b10000 - 0x00007ff8c5cf4000 	C:\WINDOWS\SYSTEM32\DBGHELP.DLL
0x00007ff8b2140000 - 0x00007ff8b216c000 	C:\WINDOWS\SYSTEM32\dbgcore.DLL
0x00007ff8cfa70000 - 0x00007ff8cfaf2000 	C:\WINDOWS\System32\bcryptPrimitives.dll
0x00007ff8ca560000 - 0x00007ff8ca56e000 	C:\Users\rajma\.jdks\openjdk-18.0.2\bin\instrument.dll
0x00007ff898eb0000 - 0x00007ff898ed5000 	C:\Users\rajma\.jdks\openjdk-18.0.2\bin\java.dll
0x00007ff881ce0000 - 0x00007ff881db6000 	C:\Users\rajma\.jdks\openjdk-18.0.2\bin\jsvml.dll
0x00007ff8d0200000 - 0x00007ff8d0943000 	C:\WINDOWS\System32\SHELL32.dll
0x00007ff8cd930000 - 0x00007ff8ce0c2000 	C:\WINDOWS\SYSTEM32\windows.storage.dll
0x00007ff8d0d40000 - 0x00007ff8d1094000 	C:\WINDOWS\System32\combase.dll
0x00007ff8cf310000 - 0x00007ff8cf340000 	C:\WINDOWS\SYSTEM32\Wldp.dll
0x00007ff8d10a0000 - 0x00007ff8d114d000 	C:\WINDOWS\System32\SHCORE.dll
0x00007ff8d1e60000 - 0x00007ff8d1eb5000 	C:\WINDOWS\System32\shlwapi.dll
0x00007ff8cf7f0000 - 0x00007ff8cf80f000 	C:\WINDOWS\SYSTEM32\profapi.dll
0x00007ff899340000 - 0x00007ff899358000 	C:\Users\rajma\.jdks\openjdk-18.0.2\bin\zip.dll
0x00007ff8a6640000 - 0x00007ff8a6653000 	C:\Users\rajma\.jdks\openjdk-18.0.2\bin\net.dll
0x00007ff8caba0000 - 0x00007ff8cacac000 	C:\WINDOWS\SYSTEM32\WINHTTP.dll
0x00007ff8cf050000 - 0x00007ff8cf0ba000 	C:\WINDOWS\system32\mswsock.dll
0x00007ff89c630000 - 0x00007ff89c646000 	C:\Users\rajma\.jdks\openjdk-18.0.2\bin\nio.dll
0x00007ff8ca150000 - 0x00007ff8ca16a000 	C:\Program Files\JetBrains\IntelliJ IDEA 2022.2\bin\breakgen64.dll
0x00007ff8ced20000 - 0x00007ff8cedea000 	C:\WINDOWS\SYSTEM32\DNSAPI.dll
0x00007ff8cece0000 - 0x00007ff8ced1b000 	C:\WINDOWS\SYSTEM32\IPHLPAPI.DLL
0x00007ff8d1a90000 - 0x00007ff8d1a98000 	C:\WINDOWS\System32\NSI.dll
0x00000000612c0000 - 0x00000000612e6000 	C:\Program Files\Bonjour\mdnsNSP.dll
0x00007ff8c8160000 - 0x00007ff8c816a000 	C:\Windows\System32\rasadhlp.dll
0x00007ff8c6ac0000 - 0x00007ff8c6b40000 	C:\WINDOWS\System32\fwpuclnt.dll
0x00007ff8cfcd0000 - 0x00007ff8cfcf7000 	C:\WINDOWS\System32\bcrypt.dll
0x00007ff8ca550000 - 0x00007ff8ca559000 	C:\Users\rajma\.jdks\openjdk-18.0.2\bin\management.dll
0x00007ff8ca3e0000 - 0x00007ff8ca3eb000 	C:\Users\rajma\.jdks\openjdk-18.0.2\bin\management_ext.dll
0x00007ff8cf240000 - 0x00007ff8cf258000 	C:\WINDOWS\SYSTEM32\CRYPTSP.dll
0x00007ff8ce8e0000 - 0x00007ff8ce914000 	C:\WINDOWS\system32\rsaenh.dll
0x00007ff8cf770000 - 0x00007ff8cf79e000 	C:\WINDOWS\SYSTEM32\USERENV.dll
0x00007ff8cf260000 - 0x00007ff8cf26c000 	C:\WINDOWS\SYSTEM32\CRYPTBASE.dll
0x00007ff8c8fc0000 - 0x00007ff8c8fd7000 	C:\WINDOWS\SYSTEM32\dhcpcsvc6.DLL
0x00007ff8c8eb0000 - 0x00007ff8c8ecd000 	C:\WINDOWS\SYSTEM32\dhcpcsvc.DLL
0x00007ff8aaaa0000 - 0x00007ff8aaab7000 	C:\WINDOWS\system32\napinsp.dll
0x00007ff8a9ae0000 - 0x00007ff8a9afb000 	C:\WINDOWS\system32\pnrpnsp.dll
0x00007ff8a9ac0000 - 0x00007ff8a9ad5000 	C:\WINDOWS\system32\wshbth.dll
0x00007ff8cb090000 - 0x00007ff8cb0ad000 	C:\WINDOWS\system32\NLAapi.dll
0x00007ff8a99f0000 - 0x00007ff8a9a02000 	C:\WINDOWS\System32\winrnr.dll
0x00007ff8a6210000 - 0x00007ff8a6220000 	C:\Users\rajma\.jdks\openjdk-18.0.2\bin\verify.dll

dbghelp: loaded successfully - version: 4.0.5 - missing functions: none
symbol engine: initialized successfully - sym options: 0x614 - pdb path: .;C:\Users\rajma\.jdks\openjdk-18.0.2\bin;C:\WINDOWS\SYSTEM32;C:\WINDOWS\WinSxS\amd64_microsoft.windows.common-controls_6595b64144ccf1df_6.0.19041.1110_none_60b5254171f9507e;C:\Users\rajma\.jdks\openjdk-18.0.2\bin\server;C:\Program Files\JetBrains\IntelliJ IDEA 2022.2\bin;C:\Program Files\Bonjour

VM Arguments:
jvm_args: -XX:TieredStopAtLevel=1 -Dspring.output.ansi.enabled=always -Dcom.sun.management.jmxremote -Dspring.jmx.enabled=true -Dspring.liveBeansView.mbeanDomain -Dspring.application.admin.enabled=true -javaagent:C:\Program Files\JetBrains\IntelliJ IDEA 2022.2\lib\idea_rt.jar=51515:C:\Program Files\JetBrains\IntelliJ IDEA 2022.2\bin -Dfile.encoding=UTF-8 
java_command: com.raj.FinalSalesken.FinalSaleskenApplication
java_class_path (initial): C:\Users\rajma\Documents\eSpringBoot_Workspace\Final Salesken\FinalSalesken\target\classes;C:\Users\rajma\.m2\repository\org\springframework\boot\spring-boot-starter-actuator\2.7.6\spring-boot-starter-actuator-2.7.6.jar;C:\Users\rajma\.m2\repository\org\springframework\boot\spring-boot-starter\2.7.6\spring-boot-starter-2.7.6.jar;C:\Users\rajma\.m2\repository\org\springframework\boot\spring-boot-starter-logging\2.7.6\spring-boot-starter-logging-2.7.6.jar;C:\Users\rajma\.m2\repository\ch\qos\logback\logback-classic\1.2.11\logback-classic-1.2.11.jar;C:\Users\rajma\.m2\repository\ch\qos\logback\logback-core\1.2.11\logback-core-1.2.11.jar;C:\Users\rajma\.m2\repository\org\apache\logging\log4j\log4j-to-slf4j\2.17.2\log4j-to-slf4j-2.17.2.jar;C:\Users\rajma\.m2\repository\org\apache\logging\log4j\log4j-api\2.17.2\log4j-api-2.17.2.jar;C:\Users\rajma\.m2\repository\org\slf4j\jul-to-slf4j\1.7.36\jul-to-slf4j-1.7.36.jar;C:\Users\rajma\.m2\repository\jakarta\annotation\jakarta.annotation-api\1.3.5\jakarta.annotation-api-1.3.5.jar;C:\Users\rajma\.m2\repository\org\yaml\snakeyaml\1.30\snakeyaml-1.30.jar;C:\Users\rajma\.m2\repository\org\springframework\boot\spring-boot-actuator-autoconfigure\2.7.6\spring-boot-actuator-autoconfigure-2.7.6.jar;C:\Users\rajma\.m2\repository\org\springframework\boot\spring-boot-actuator\2.7.6\spring-boot-actuator-2.7.6.jar;C:\Users\rajma\.m2\repository\com\fasterxml\jackson\core\jackson-databind\2.13.4.2\jackson-databind-2.13.4.2.jar;C:\Users\rajma\.m2\repository\com\fasterxml\jackson\core\jackson-annotations\2.13.4\jackson-annotations-2.13.4.jar;C:\Users\rajma\.m2\repository\com\fasterxml\jackson\datatype\jackson-datatype-jsr310\2.13.4\jackson-datatype-jsr310-2.13.4.jar;C:\Users\rajma\.m2\repository\io\micrometer\micrometer-core\1.9.6\micrometer-core-1.9.6.jar;C:\Users\rajma\.m2\repository\org\hdrhistogram\HdrHistogram\2.1.12\HdrHistogram-2.1.12.jar;C:\Users\rajma\.m2\repository\org\latencyutils\LatencyUtils\2.0.3\LatencyUtils-2.0.3.jar;C:\Users\rajma\.m2\repository\org\springframework\boot\spring-boot-starter-data-elasticsearch\2.7.6\spring-boot-starter-data-elasticsearch-2.7.6.jar;C:\Users\rajma\.m2\repository\org\springframework\data\spring-data-elasticsearch\4.4.6\spring-data-elasticsearch-4.4.6.jar;C:\Users\rajma\.m2\repository\org\springframework\spring-context\5.3.24\spring-context-5.3.24.jar;C:\Users\rajma\.m2\repository\org\springframework\spring-tx\5.3.24\spring-tx-5.3.24.jar;C:\Users\rajma\.m2\repository\org\springframework\data\spring-data-commons\2.7.6\spring-data-commons-2.7.6.jar;C:\Users\rajma\.m2\repository\org\elasticsearch\client\elasticsearch-rest-high-level-client\7.17.7\elasticsearch-rest-high-level-client-7.17.7.jar;C:\Users\rajma\.m2\repository\org\elasticsearch\elasticsearch\7.17.7\elasticsearch-7.17.7.jar;C:\Users\rajma\.m2\repository\org\elasticsearch\elasticsearch-core\7.17.7\elasticsearch-core-7.17.7.jar;C:\Users\rajma\.m2\repository\org\elasticsearch\elasticsearch-secure-sm\7.17.7\elasticsearch-secure-sm-7.17.7.jar;C:\Users\rajma\.m2\repository\org\elasticsearch\elasticsearch-x-content\7.17.7\elasticsearch-x-content-7.17.7.jar;C:\Users\rajma\.m2\repository\com\fasterxml\jackson\dataformat\jackson-dataformat-smile\2.13.4\jackson-dataformat-smile-2.13.4.jar;C:\Users\rajma\.m2\repository\com\fasterxml\jackson\dataformat\jackson-dataformat-yaml\2.13.4\jackson-dataformat-yaml-2.13.4.jar;C:\Users\rajma\.m2\repository\com\fasterxml\jackson\dataformat\jackson-dataformat-cbor\2.13.4\jackson-dataformat-cbor-2.13.4.jar;C:\Users\rajma\.m2\repository\org\elasticsearch\elasticsearch-geo\7.17.7\elasticsearch-geo-7.17.7.jar;C:\Users\rajma\.m2\repository\org\elasticsearch\elasticsearch-lz4\7.17.7\elasticsearch-lz4-7.17.7.jar;C:\Users\rajma\.m2\repository\org\lz4\lz4-java\1.8.0\lz4-java-1.8.0.jar;C:\Users\rajma\.m2\repository\org\apache\lucene\lucene-core\8.11.1\lucene-core-8.11.1.jar;C:\Users\rajma\.m2\repository\org\apache\lucene\lucene-analyzers-common\8.11.1\lucene-analyzers-common-8.11.1.jar;C:\Users\rajma\.m2\repository\org\apache\lucene\lucene-backward-codecs\8.11.1\lucene-backward-codecs-8.11.1.jar;C:\Users\rajma\.m2\repository\org\apache\lucene\lucene-grouping\8.11.1\lucene-grouping-8.11.1.jar;C:\Users\rajma\.m2\repository\org\apache\lucene\lucene-highlighter\8.11.1\lucene-highlighter-8.11.1.jar;C:\Users\rajma\.m2\repository\org\apache\lucene\lucene-join\8.11.1\lucene-join-8.11.1.jar;C:\Users\rajma\.m2\repository\org\apache\lucene\lucene-memory\8.11.1\lucene-memory-8.11.1.jar;C:\Users\rajma\.m2\repository\org\apache\lucene\lucene-misc\8.11.1\lucene-misc-8.11.1.jar;C:\Users\rajma\.m2\repository\org\apache\lucene\lucene-queries\8.11.1\lucene-queries-8.11.1.jar;C:\Users\rajma\.m2\repository\org\apache\lucene\lucene-queryparser\8.11.1\lucene-queryparser-8.11.1.jar;C:\Users\rajma\.m2\repository\org\apache\lucene\lucene-sandbox\8.11.1\lucene-sandbox-8.11.1.jar;C:\Users\rajma\.m2\repository\org\apache\lucene\lucene-spatial3d\8.11.1\lucene-spatial3d-8.11.1.jar;C:\Users\rajma\.m2\repository\org\apache\lucene\lucene-suggest\8.11.1\lucene-suggest-8.11.1.jar;C:\Users\rajma\.m2\repository\org\elasticsearch\elasticsearch-cli\7.17.7\elasticsearch-cli-7.17.7.jar;C:\Users\rajma\.m2\repository\net\sf\jopt-simple\jopt-simple\5.0.2\jopt-simple-5.0.2.jar;C:\Users\rajma\.m2\repository\com\carrotsearch\hppc\0.8.1\hppc-0.8.1.jar;C:\Users\rajma\.m2\repository\joda-time\joda-time\2.10.10\joda-time-2.10.10.jar;C:\Users\rajma\.m2\repository\com\tdunning\t-digest\3.2\t-digest-3.2.jar;C:\Users\rajma\.m2\repository\net\java\dev\jna\jna\5.10.0\jna-5.10.0.jar;C:\Users\rajma\.m2\repository\org\elasticsearch\elasticsearch-plugin-classloader\7.17.7\elasticsearch-plugin-classloader-7.17.7.jar;C:\Users\rajma\.m2\repository\org\elasticsearch\plugin\mapper-extras-client\7.17.7\mapper-extras-client-7.17.7.jar;C:\Users\rajma\.m2\repository\org\elasticsearch\plugin\parent-join-client\7.17.7\parent-join-client-7.17.7.jar;C:\Users\rajma\.m2\repository\org\elasticsearch\plugin\aggs-matrix-stats-client\7.17.7\aggs-matrix-stats-client-7.17.7.jar;C:\Users\rajma\.m2\repository\org\elasticsearch\plugin\rank-eval-client\7.17.7\rank-eval-client-7.17.7.jar;C:\Users\rajma\.m2\repository\org\elasticsearch\plugin\lang-mustache-client\7.17.7\lang-mustache-client-7.17.7.jar;C:\Users\rajma\.m2\repository\com\github\spullara\mustache\java\compiler\0.9.6\compiler-0.9.6.jar;C:\Users\rajma\.m2\repository\co\elastic\clients\elasticsearch-java\7.17.7\elasticsearch-java-7.17.7.jar;C:\Users\rajma\.m2\repository\com\google\code\findbugs\jsr305\3.0.2\jsr305-3.0.2.jar;C:\Users\rajma\.m2\repository\org\eclipse\parsson\parsson\1.0.0\parsson-1.0.0.jar;C:\Users\rajma\.m2\repository\org\elasticsearch\client\elasticsearch-rest-client\7.17.7\elasticsearch-rest-client-7.17.7.jar;C:\Users\rajma\.m2\repository\org\apache\httpcomponents\httpclient\4.5.13\httpclient-4.5.13.jar;C:\Users\rajma\.m2\repository\org\apache\httpcomponents\httpcore\4.4.15\httpcore-4.4.15.jar;C:\Users\rajma\.m2\repository\org\apache\httpcomponents\httpasyncclient\4.1.5\httpasyncclient-4.1.5.jar;C:\Users\rajma\.m2\repository\org\apache\httpcomponents\httpcore-nio\4.4.15\httpcore-nio-4.4.15.jar;C:\Users\rajma\.m2\repository\commons-codec\commons-codec\1.15\commons-codec-1.15.jar;C:\Users\rajma\.m2\repository\com\fasterxml\jackson\core\jackson-core\2.13.4\jackson-core-2.13.4.jar;C:\Users\rajma\.m2\repository\org\slf4j\slf4j-api\1.7.36\slf4j-api-1.7.36.jar;C:\Users\rajma\.m2\repository\org\springframework\boot\spring-boot-starter-web\2.7.6\spring-boot-starter-web-2.7.6.jar;C:\Users\rajma\.m2\repository\org\springframework\boot\spring-boot-starter-json\2.7.6\spring-boot-starter-json-2.7.6.jar;C:\Users\rajma\.m2\repository\com\fasterxml\jackson\datatype\jackson-datatype-jdk8\2.13.4\jackson-datatype-jdk8-2.13.4.jar;C:\Users\rajma\.m2\repository\com\fasterxml\jackson\module\jackson-module-parameter-names\2.13.4\jackson-module-parameter-names-2.13.4.jar;C:\Users\rajma\.m2\repository\org\springframework\boot\spring-boot-starter-tomcat\2.7.6\spring-boot-starter-tomcat-2.7.6.jar;C:\Users\rajma\.m2\repository\org\apache\tomcat\embed\tomcat-embed-websocket\9.0.69\tomcat-embed-websocket-9.0.69.jar;C:\Users\rajma\.m2\repository\org\springframework\spring-web\5.3.24\spring-web-5.3.24.jar;C:\Users\rajma\.m2\repository\org\springframework\spring-beans\5.3.24\spring-beans-5.3.24.jar;C:\Users\rajma\.m2\repository\org\springframework\spring-webmvc\5.3.24\spring-webmvc-5.3.24.jar;C:\Users\rajma\.m2\repository\org\springframework\spring-aop\5.3.24\spring-aop-5.3.24.jar;C:\Users\rajma\.m2\repository\org\springframework\spring-expression\5.3.24\spring-expression-5.3.24.jar;C:\Users\rajma\.m2\repository\org\springframework\boot\spring-boot-devtools\2.7.6\spring-boot-devtools-2.7.6.jar;C:\Users\rajma\.m2\repository\org\springframework\boot\spring-boot\2.7.6\spring-boot-2.7.6.jar;C:\Users\rajma\.m2\repository\org\springframework\boot\spring-boot-autoconfigure\2.7.6\spring-boot-autoconfigure-2.7.6.jar;C:\Users\rajma\.m2\repository\org\springframework\spring-core\5.3.24\spring-core-5.3.24.jar;C:\Users\rajma\.m2\repository\org\springframework\spring-jcl\5.3.24\spring-jcl-5.3.24.jar;C:\Users\rajma\.m2\repository\org\apache\tomcat\embed\tomcat-embed-jasper\9.0.58\tomcat-embed-jasper-9.0.58.jar;C:\Users\rajma\.m2\repository\org\apache\tomcat\embed\tomcat-embed-core\9.0.69\tomcat-embed-core-9.0.69.jar;C:\Users\rajma\.m2\repository\org\apache\tomcat\tomcat-annotations-api\9.0.69\tomcat-annotations-api-9.0.69.jar;C:\Users\rajma\.m2\repository\org\apache\tomcat\embed\tomcat-embed-el\9.0.69\tomcat-embed-el-9.0.69.jar;C:\Users\rajma\.m2\repository\org\eclipse\jdt\ecj\3.18.0\ecj-3.18.0.jar;C:\Users\rajma\.m2\repository\javax\servlet\jstl\1.2\jstl-1.2.jar;C:\Users\rajma\.m2\repository\jakarta\json\jakarta.json-api\2.0.1\jakarta.json-api-2.0.1.jar
Launcher Type: SUN_STANDARD

[Global flags]
     intx CICompilerCount                          = 4                                         {product} {ergonomic}
     uint ConcGCThreads                            = 2                                         {product} {ergonomic}
     uint G1ConcRefinementThreads                  = 8                                         {product} {ergonomic}
   size_t G1HeapRegionSize                         = 2097152                                   {product} {ergonomic}
    uintx GCDrainStackTargetSize                   = 64                                        {product} {ergonomic}
   size_t InitialHeapSize                          = 264241152                                 {product} {ergonomic}
     bool ManagementServer                         = true                                      {product} {command line}
   size_t MarkStackSize                            = 4194304                                   {product} {ergonomic}
   size_t MaxHeapSize                              = 4223664128                                {product} {ergonomic}
   size_t MaxNewSize                               = 2533359616                                {product} {ergonomic}
   size_t MinHeapDeltaBytes                        = 2097152                                   {product} {ergonomic}
   size_t MinHeapSize                              = 8388608                                   {product} {ergonomic}
    uintx NonProfiledCodeHeapSize                  = 0                                      {pd product} {ergonomic}
     bool ProfileInterpreter                       = false                                  {pd product} {command line}
    uintx ProfiledCodeHeapSize                     = 0                                      {pd product} {ergonomic}
   size_t SoftMaxHeapSize                          = 4223664128                             {manageable} {ergonomic}
     intx TieredStopAtLevel                        = 1                                         {product} {command line}
     bool UseCompressedClassPointers               = true                           {product lp64_product} {ergonomic}
     bool UseCompressedOops                        = true                           {product lp64_product} {ergonomic}
     bool UseG1GC                                  = true                                      {product} {ergonomic}
     bool UseLargePagesIndividualAllocation        = false                                  {pd product} {ergonomic}

Logging:
Log output configuration:
 #0: stdout all=warning uptime,level,tags foldmultilines=false
 #1: stderr all=off uptime,level,tags foldmultilines=false

Environment Variables:
JAVA_HOME=C:\Program Files\Java\jdk-17.0.2
CLASSPATH=C:\Program Files (x86)\MySQL\Connector J 8.0\mysql-connector-java-8.0.24.jar
PATH=C:\Program Files\Common Files\Oracle\Java\javapath;C:\Program Files\Python39\Scripts\;C:\Program Files\Python39\;C:\windows\system32;C:\windows;C:\windows\System32\Wbem;C:\windows\System32\WindowsPowerShell\v1.0\;C:\windows\System32\OpenSSH\;C:\Program Files\NVIDIA Corporation\NVIDIA NvDLISR;C:\WINDOWS\system32;C:\WINDOWS;C:\WINDOWS\System32\Wbem;C:\WINDOWS\System32\WindowsPowerShell\v1.0\;C:\WINDOWS\System32\OpenSSH\;C:\Program Files\Java\jdk-16.0.1\bin;C:\Program Files\dotnet\;C:\Users\rajma\Downloads\SetupFiles\MinGw\bin;C:\Program Files\Git\cmd;C:\Program Files\Java\jdk-17.0.2;C:\Users\rajma\Downloads\SetupFiles\wget-1.21.2-win64;C:\Users\rajma\anaconda3;C:\Users\rajma\anaconda3\envs\tf_env;C:\Program Files\MongoDB\Server\5.0\bin;C:\Users\rajma\Downloads\setup\apache-maven-3.8.4-bin\apache-maven-3.8.4\bin;C:\Program Files (x86)\NVIDIA Corporation\PhysX\Common;C:\Program Files\Java\jdk-17.0.2\bin;C:\Apache\apache-zookeepe;C:\Android;C:\Windows\System32;C:\Users\rajma\anaconda3;C:\Users\rajma\anaconda3\Library\mingw-w64\bin;C:\Users\rajma\anaconda3\Library\usr\bin;C:\Users\rajma\anaconda3\Library\bin;C:\Users\rajma\anaconda3\Scripts;C:\Program Files\MySQL\MySQL Shell 8.0\bin\;C:\python\Scripts\;C:\python\;C:\Users\rajma\AppData\Local\Microsoft\WindowsApps;C:\Users\rajma\Downloads\SetupFiles\Microsoft VS Code\bin;C:\Users\rajma\AppData\Local\GitHubDesktop\bin;C:\Users\rajma\AppData\Local\Programs\mongosh\;C:\Users\rajma\AppData\Roaming\Python\Python39\Scripts;C:\Program Files\JetBrains\IntelliJ IDEA Community Edition 2022.2\bin;;C:\Program Files\JetBrains\IntelliJ IDEA 2022.2\bin;;;C:\Users\rajma\AppData\Local\Coursier\data\bin
USERNAME=rajmadhu
OS=Windows_NT
PROCESSOR_IDENTIFIER=Intel64 Family 6 Model 142 Stepping 12, GenuineIntel



---------------  S Y S T E M  ---------------

OS:
 Windows 10 , 64 bit Build 19041 (10.0.19041.2251)
OS uptime: 0 days 13:04 hours
Hyper-V role detected

CPU: total 8 (initial active 8) (4 cores per cpu, 2 threads per core) family 6 model 142 stepping 12 microcode 0xca, cx8, cmov, fxsr, ht, mmx, 3dnowpref, sse, sse2, sse3, ssse3, sse4.1, sse4.2, popcnt, lzcnt, tsc, tscinvbit, avx, avx2, aes, erms, clmul, bmi1, bmi2, adx, fma, vzeroupper, clflush, clflushopt, hv

Memory: 4k page, system-wide physical 16105M (2038M free)
TotalPageFile size 16105M (AvailPageFile size 2M)
current process WorkingSet (physical memory assigned to process): 97M, peak: 97M
current process commit charge ("private bytes"): 365M, peak: 365M

vm_info: OpenJDK 64-Bit Server VM (18.0.2+9-61) for windows-amd64 JRE (18.0.2+9-61), built on Jun  7 2022 13:05:59 by "mach5one" with MS VC++ 16.8 / 16.9 (VS2019)

END.
