#
# There is insufficient memory for the Java Runtime Environment to continue.
# Native memory allocation (mmap) failed to map 264241152 bytes for G1 virtual space
# Possible reasons:
#   The system is out of physical RAM or swap space
#   The process is running with CompressedOops enabled, and the Java Heap may be blocking the growth of the native heap
# Possible solutions:
#   Reduce memory load on the system
#   Increase physical memory or swap space
#   Check if swap backing store is full
#   Decrease Java heap size (-Xmx/-Xms)
#   Decrease number of Java threads
#   Decrease Java thread stack sizes (-Xss)
#   Set larger code cache with -XX:ReservedCodeCacheSize=
#   JVM is running with Zero Based Compressed Oops mode in which the Java heap is
#     placed in the first 32GB address space. The Java Heap base address is the
#     maximum limit for the native heap growth. Please use -XX:HeapBaseMinAddress
#     to set the Java Heap base and to place the Java Heap above 32GB virtual address.
# This output file may be truncated or incomplete.
#
#  Out of Memory Error (os_windows.cpp:3530), pid=18392, tid=17164
#
# JRE version:  (18.0.2+9) (build )
# Java VM: OpenJDK 64-Bit Server VM (18.0.2+9-61, mixed mode, emulated-client, sharing, tiered, compressed oops, compressed class ptrs, g1 gc, windows-amd64)
# No core dump will be written. Minidumps are not enabled by default on client versions of Windows
#

---------------  S U M M A R Y ------------

Command Line: -XX:TieredStopAtLevel=1 -Dspring.output.ansi.enabled=always -Dcom.sun.management.jmxremote -Dspring.jmx.enabled=true -Dspring.liveBeansView.mbeanDomain -Dspring.application.admin.enabled=true -javaagent:C:\Program Files\JetBrains\IntelliJ IDEA 2022.2\lib\idea_rt.jar=62779:C:\Program Files\JetBrains\IntelliJ IDEA 2022.2\bin -Dfile.encoding=UTF-8 com.raj.FinalSalesken.FinalSaleskenApplication

Host: Intel(R) Core(TM) i7-10510U CPU @ 1.80GHz, 8 cores, 15G,  Windows 10 , 64 bit Build 19041 (10.0.19041.2251)
Time: Sat Dec 10 02:08:09 2022 India Standard Time elapsed time: 0.015087 seconds (0d 0h 0m 0s)

---------------  T H R E A D  ---------------

Current thread (0x000001e232c83300):  JavaThread "Unknown thread" [_thread_in_vm, id=17164, stack(0x00000079fbc00000,0x00000079fbd00000)]

Stack: [0x00000079fbc00000,0x00000079fbd00000]
Native frames: (J=compiled Java code, j=interpreted, Vv=VM code, C=native code)
V  [jvm.dll+0x6993ca]
V  [jvm.dll+0x7f481d]
V  [jvm.dll+0x7f612e]
V  [jvm.dll+0x7f67e3]
V  [jvm.dll+0x25cdaf]
V  [jvm.dll+0x696319]
V  [jvm.dll+0x68ae4a]
V  [jvm.dll+0x3223eb]
V  [jvm.dll+0x329dc6]
V  [jvm.dll+0x37eade]
V  [jvm.dll+0x37ed0f]
V  [jvm.dll+0x2fa16a]
V  [jvm.dll+0x2fb1cd]
V  [jvm.dll+0x7c3450]
V  [jvm.dll+0x38be61]
V  [jvm.dll+0x7a2073]
V  [jvm.dll+0x40dc3f]
V  [jvm.dll+0x40f611]
C  [jli.dll+0x526b]
C  [ucrtbase.dll+0x21bb2]
C  [KERNEL32.DLL+0x174b4]
C  [ntdll.dll+0x526a1]


---------------  P R O C E S S  ---------------

Threads class SMR info:
_java_thread_list=0x00007ff87548e550, length=0, elements={
}

Java Threads: ( => current thread )

Other Threads:
  0x000001e232cf3010 WorkerThread "GC Thread#0" [stack: 0x00000079fbd00000,0x00000079fbe00000] [id=4832]
  0x000001e232d04b10 ConcurrentGCThread "G1 Main Marker" [stack: 0x00000079fbe00000,0x00000079fbf00000] [id=1884]
  0x000001e232d05ca0 WorkerThread "G1 Conc#0" [stack: 0x00000079fbf00000,0x00000079fc000000] [id=14192]

[error occurred during error reporting (printing all threads), id 0xc0000005, EXCEPTION_ACCESS_VIOLATION (0xc0000005) at pc=0x00007ff874cba707]

VM state: not at safepoint (not fully initialized)

VM Mutex/Monitor currently owned by a thread:  ([mutex/lock_event])
[0x000001e232c7f290] Heap_lock - owner thread: 0x000001e232c83300

Heap address: 0x0000000704400000, size: 4028 MB, Compressed Oops mode: Zero based, Oop shift amount: 3

CDS archive(s) mapped at: [0x0000000000000000-0x0000000000000000-0x0000000000000000), size 0, SharedBaseAddress: 0x0000000800000000, ArchiveRelocationMode: 0.
Narrow klass base: 0x0000000000000000, Narrow klass shift: 0, Narrow klass range: 0x0

GC Precious Log:
 CardTable entry size: 512
 Card Set container configuration: InlinePtr #cards 4 size 8 Array Of Cards #cards 16 size 48 Howl #buckets 8 coarsen threshold 3686 Howl Bitmap #cards 512 size 80 coarsen threshold 460 Card regions per heap region 1 cards per card region 4096

Heap:
 garbage-first heap   total 0K, used 0K [0x0000000704400000, 0x0000000800000000)
  region size 2048K, 0 young (0K), 0 survivors (0K)

[error occurred during error reporting (printing heap information), id 0xc0000005, EXCEPTION_ACCESS_VIOLATION (0xc0000005) at pc=0x00007ff8750a1859]

GC Heap History (0 events):
No events

Deoptimization events (0 events):
No events

Classes loaded (0 events):
No events

Classes unloaded (0 events):
No events

Classes redefined (0 events):
No events

Internal exceptions (0 events):
No events

VM Operations (0 events):
No events

Events (1 events):
Event: 0.006 Loaded shared library C:\Users\rajma\.jdks\openjdk-18.0.2\bin\java.dll


Dynamic libraries:
0x00007ff6b1620000 - 0x00007ff6b162e000 	C:\Users\rajma\.jdks\openjdk-18.0.2\bin\java.exe
0x00007ff8d21b0000 - 0x00007ff8d23a8000 	C:\WINDOWS\SYSTEM32\ntdll.dll
0x00007ff8d0950000 - 0x00007ff8d0a0f000 	C:\WINDOWS\System32\KERNEL32.DLL
0x00007ff8cfd50000 - 0x00007ff8d0022000 	C:\WINDOWS\System32\KERNELBASE.dll
0x00007ff8cfbd0000 - 0x00007ff8cfcd0000 	C:\WINDOWS\System32\ucrtbase.dll
0x00007ff8b0dc0000 - 0x00007ff8b0dda000 	C:\Users\rajma\.jdks\openjdk-18.0.2\bin\VCRUNTIME140.dll
0x00007ff8b21c0000 - 0x00007ff8b21d7000 	C:\Users\rajma\.jdks\openjdk-18.0.2\bin\jli.dll
0x00007ff8b2aa0000 - 0x00007ff8b2d3a000 	C:\WINDOWS\WinSxS\amd64_microsoft.windows.common-controls_6595b64144ccf1df_6.0.19041.1110_none_60b5254171f9507e\COMCTL32.dll
0x00007ff8d1fd0000 - 0x00007ff8d216d000 	C:\WINDOWS\System32\USER32.dll
0x00007ff8d0b30000 - 0x00007ff8d0bce000 	C:\WINDOWS\System32\msvcrt.dll
0x00007ff8cfba0000 - 0x00007ff8cfbc2000 	C:\WINDOWS\System32\win32u.dll
0x00007ff8d1870000 - 0x00007ff8d189b000 	C:\WINDOWS\System32\GDI32.dll
0x00007ff8cf8b0000 - 0x00007ff8cf9bf000 	C:\WINDOWS\System32\gdi32full.dll
0x00007ff8cfb00000 - 0x00007ff8cfb9d000 	C:\WINDOWS\System32\msvcp_win.dll
0x00007ff8d0ca0000 - 0x00007ff8d0cd2000 	C:\WINDOWS\System32\IMM32.DLL
0x00007ff8ca6a0000 - 0x00007ff8ca6ac000 	C:\Users\rajma\.jdks\openjdk-18.0.2\bin\vcruntime140_1.dll
0x00007ff889e30000 - 0x00007ff889ebd000 	C:\Users\rajma\.jdks\openjdk-18.0.2\bin\msvcp140.dll
0x00007ff8749b0000 - 0x00007ff8755c1000 	C:\Users\rajma\.jdks\openjdk-18.0.2\bin\server\jvm.dll
0x00007ff8d1f20000 - 0x00007ff8d1fce000 	C:\WINDOWS\System32\ADVAPI32.dll
0x00007ff8d0a10000 - 0x00007ff8d0aac000 	C:\WINDOWS\System32\sechost.dll
0x00007ff8d11f0000 - 0x00007ff8d1315000 	C:\WINDOWS\System32\RPCRT4.dll
0x00007ff8d1860000 - 0x00007ff8d1868000 	C:\WINDOWS\System32\PSAPI.DLL
0x00007ff8ae890000 - 0x00007ff8ae899000 	C:\WINDOWS\SYSTEM32\WSOCK32.dll
0x00007ff8b07e0000 - 0x00007ff8b0807000 	C:\WINDOWS\SYSTEM32\WINMM.dll
0x00007ff8c81b0000 - 0x00007ff8c81ba000 	C:\WINDOWS\SYSTEM32\VERSION.dll
0x00007ff8d18a0000 - 0x00007ff8d190b000 	C:\WINDOWS\System32\WS2_32.dll
0x00007ff8cd710000 - 0x00007ff8cd722000 	C:\WINDOWS\SYSTEM32\kernel.appcore.dll
0x00007ff8ca2b0000 - 0x00007ff8ca2ba000 	C:\Users\rajma\.jdks\openjdk-18.0.2\bin\jimage.dll
0x00007ff8c5b10000 - 0x00007ff8c5cf4000 	C:\WINDOWS\SYSTEM32\DBGHELP.DLL
0x00007ff8b2140000 - 0x00007ff8b216c000 	C:\WINDOWS\SYSTEM32\dbgcore.DLL
0x00007ff8cfa70000 - 0x00007ff8cfaf2000 	C:\WINDOWS\System32\bcryptPrimitives.dll
0x00007ff8ca700000 - 0x00007ff8ca70e000 	C:\Users\rajma\.jdks\openjdk-18.0.2\bin\instrument.dll
0x00007ff8a65c0000 - 0x00007ff8a65e5000 	C:\Users\rajma\.jdks\openjdk-18.0.2\bin\java.dll

dbghelp: loaded successfully - version: 4.0.5 - missing functions: none
symbol engine: initialized successfully - sym options: 0x614 - pdb path: .;C:\Users\rajma\.jdks\openjdk-18.0.2\bin;C:\WINDOWS\SYSTEM32;C:\WINDOWS\WinSxS\amd64_microsoft.windows.common-controls_6595b64144ccf1df_6.0.19041.1110_none_60b5254171f9507e;C:\Users\rajma\.jdks\openjdk-18.0.2\bin\server

VM Arguments:
jvm_args: -XX:TieredStopAtLevel=1 -Dspring.output.ansi.enabled=always -Dcom.sun.management.jmxremote -Dspring.jmx.enabled=true -Dspring.liveBeansView.mbeanDomain -Dspring.application.admin.enabled=true -javaagent:C:\Program Files\JetBrains\IntelliJ IDEA 2022.2\lib\idea_rt.jar=62779:C:\Program Files\JetBrains\IntelliJ IDEA 2022.2\bin -Dfile.encoding=UTF-8 
java_command: com.raj.FinalSalesken.FinalSaleskenApplication
java_class_path (initial): C:\Users\rajma\Documents\eSpringBoot_Workspace\Final Salesken\FinalSalesken\target\classes;C:\Users\rajma\.m2\repository\org\springframework\boot\spring-boot-starter-actuator\2.7.6\spring-boot-starter-actuator-2.7.6.jar;C:\Users\rajma\.m2\repository\org\springframework\boot\spring-boot-starter\2.7.6\spring-boot-starter-2.7.6.jar;C:\Users\rajma\.m2\repository\org\springframework\boot\spring-boot-starter-logging\2.7.6\spring-boot-starter-logging-2.7.6.jar;C:\Users\rajma\.m2\repository\ch\qos\logback\logback-classic\1.2.11\logback-classic-1.2.11.jar;C:\Users\rajma\.m2\repository\ch\qos\logback\logback-core\1.2.11\logback-core-1.2.11.jar;C:\Users\rajma\.m2\repository\org\apache\logging\log4j\log4j-to-slf4j\2.17.2\log4j-to-slf4j-2.17.2.jar;C:\Users\rajma\.m2\repository\org\apache\logging\log4j\log4j-api\2.17.2\log4j-api-2.17.2.jar;C:\Users\rajma\.m2\repository\org\slf4j\jul-to-slf4j\1.7.36\jul-to-slf4j-1.7.36.jar;C:\Users\rajma\.m2\repository\jakarta\annotation\jakarta.annotation-api\1.3.5\jakarta.annotation-api-1.3.5.jar;C:\Users\rajma\.m2\repository\org\yaml\snakeyaml\1.30\snakeyaml-1.30.jar;C:\Users\rajma\.m2\repository\org\springframework\boot\spring-boot-actuator-autoconfigure\2.7.6\spring-boot-actuator-autoconfigure-2.7.6.jar;C:\Users\rajma\.m2\repository\org\springframework\boot\spring-boot-actuator\2.7.6\spring-boot-actuator-2.7.6.jar;C:\Users\rajma\.m2\repository\com\fasterxml\jackson\core\jackson-databind\2.13.4.2\jackson-databind-2.13.4.2.jar;C:\Users\rajma\.m2\repository\com\fasterxml\jackson\core\jackson-annotations\2.13.4\jackson-annotations-2.13.4.jar;C:\Users\rajma\.m2\repository\com\fasterxml\jackson\datatype\jackson-datatype-jsr310\2.13.4\jackson-datatype-jsr310-2.13.4.jar;C:\Users\rajma\.m2\repository\io\micrometer\micrometer-core\1.9.6\micrometer-core-1.9.6.jar;C:\Users\rajma\.m2\repository\org\hdrhistogram\HdrHistogram\2.1.12\HdrHistogram-2.1.12.jar;C:\Users\rajma\.m2\repository\org\latencyutils\LatencyUtils\2.0.3\LatencyUtils-2.0.3.jar;C:\Users\rajma\.m2\repository\org\springframework\boot\spring-boot-starter-data-elasticsearch\2.7.6\spring-boot-starter-data-elasticsearch-2.7.6.jar;C:\Users\rajma\.m2\repository\org\springframework\data\spring-data-elasticsearch\4.4.6\spring-data-elasticsearch-4.4.6.jar;C:\Users\rajma\.m2\repository\org\springframework\spring-context\5.3.24\spring-context-5.3.24.jar;C:\Users\rajma\.m2\repository\org\springframework\spring-tx\5.3.24\spring-tx-5.3.24.jar;C:\Users\rajma\.m2\repository\org\springframework\data\spring-data-commons\2.7.6\spring-data-commons-2.7.6.jar;C:\Users\rajma\.m2\repository\org\elasticsearch\client\elasticsearch-rest-high-level-client\7.17.7\elasticsearch-rest-high-level-client-7.17.7.jar;C:\Users\rajma\.m2\repository\org\elasticsearch\elasticsearch\7.17.7\elasticsearch-7.17.7.jar;C:\Users\rajma\.m2\repository\org\elasticsearch\elasticsearch-core\7.17.7\elasticsearch-core-7.17.7.jar;C:\Users\rajma\.m2\repository\org\elasticsearch\elasticsearch-secure-sm\7.17.7\elasticsearch-secure-sm-7.17.7.jar;C:\Users\rajma\.m2\repository\org\elasticsearch\elasticsearch-x-content\7.17.7\elasticsearch-x-content-7.17.7.jar;C:\Users\rajma\.m2\repository\com\fasterxml\jackson\dataformat\jackson-dataformat-smile\2.13.4\jackson-dataformat-smile-2.13.4.jar;C:\Users\rajma\.m2\repository\com\fasterxml\jackson\dataformat\jackson-dataformat-yaml\2.13.4\jackson-dataformat-yaml-2.13.4.jar;C:\Users\rajma\.m2\repository\com\fasterxml\jackson\dataformat\jackson-dataformat-cbor\2.13.4\jackson-dataformat-cbor-2.13.4.jar;C:\Users\rajma\.m2\repository\org\elasticsearch\elasticsearch-geo\7.17.7\elasticsearch-geo-7.17.7.jar;C:\Users\rajma\.m2\repository\org\elasticsearch\elasticsearch-lz4\7.17.7\elasticsearch-lz4-7.17.7.jar;C:\Users\rajma\.m2\repository\org\lz4\lz4-java\1.8.0\lz4-java-1.8.0.jar;C:\Users\rajma\.m2\repository\org\apache\lucene\lucene-core\8.11.1\lucene-core-8.11.1.jar;C:\Users\rajma\.m2\repository\org\apache\lucene\lucene-analyzers-common\8.11.1\lucene-analyzers-common-8.11.1.jar;C:\Users\rajma\.m2\repository\org\apache\lucene\lucene-backward-codecs\8.11.1\lucene-backward-codecs-8.11.1.jar;C:\Users\rajma\.m2\repository\org\apache\lucene\lucene-grouping\8.11.1\lucene-grouping-8.11.1.jar;C:\Users\rajma\.m2\repository\org\apache\lucene\lucene-highlighter\8.11.1\lucene-highlighter-8.11.1.jar;C:\Users\rajma\.m2\repository\org\apache\lucene\lucene-join\8.11.1\lucene-join-8.11.1.jar;C:\Users\rajma\.m2\repository\org\apache\lucene\lucene-memory\8.11.1\lucene-memory-8.11.1.jar;C:\Users\rajma\.m2\repository\org\apache\lucene\lucene-misc\8.11.1\lucene-misc-8.11.1.jar;C:\Users\rajma\.m2\repository\org\apache\lucene\lucene-queries\8.11.1\lucene-queries-8.11.1.jar;C:\Users\rajma\.m2\repository\org\apache\lucene\lucene-queryparser\8.11.1\lucene-queryparser-8.11.1.jar;C:\Users\rajma\.m2\repository\org\apache\lucene\lucene-sandbox\8.11.1\lucene-sandbox-8.11.1.jar;C:\Users\rajma\.m2\repository\org\apache\lucene\lucene-spatial3d\8.11.1\lucene-spatial3d-8.11.1.jar;C:\Users\rajma\.m2\repository\org\apache\lucene\lucene-suggest\8.11.1\lucene-suggest-8.11.1.jar;C:\Users\rajma\.m2\repository\org\elasticsearch\elasticsearch-cli\7.17.7\elasticsearch-cli-7.17.7.jar;C:\Users\rajma\.m2\repository\net\sf\jopt-simple\jopt-simple\5.0.2\jopt-simple-5.0.2.jar;C:\Users\rajma\.m2\repository\com\carrotsearch\hppc\0.8.1\hppc-0.8.1.jar;C:\Users\rajma\.m2\repository\joda-time\joda-time\2.10.10\joda-time-2.10.10.jar;C:\Users\rajma\.m2\repository\com\tdunning\t-digest\3.2\t-digest-3.2.jar;C:\Users\rajma\.m2\repository\net\java\dev\jna\jna\5.10.0\jna-5.10.0.jar;C:\Users\rajma\.m2\repository\org\elasticsearch\elasticsearch-plugin-classloader\7.17.7\elasticsearch-plugin-classloader-7.17.7.jar;C:\Users\rajma\.m2\repository\org\elasticsearch\plugin\mapper-extras-client\7.17.7\mapper-extras-client-7.17.7.jar;C:\Users\rajma\.m2\repository\org\elasticsearch\plugin\parent-join-client\7.17.7\parent-join-client-7.17.7.jar;C:\Users\rajma\.m2\repository\org\elasticsearch\plugin\aggs-matrix-stats-client\7.17.7\aggs-matrix-stats-client-7.17.7.jar;C:\Users\rajma\.m2\repository\org\elasticsearch\plugin\rank-eval-client\7.17.7\rank-eval-client-7.17.7.jar;C:\Users\rajma\.m2\repository\org\elasticsearch\plugin\lang-mustache-client\7.17.7\lang-mustache-client-7.17.7.jar;C:\Users\rajma\.m2\repository\com\github\spullara\mustache\java\compiler\0.9.6\compiler-0.9.6.jar;C:\Users\rajma\.m2\repository\co\elastic\clients\elasticsearch-java\7.17.7\elasticsearch-java-7.17.7.jar;C:\Users\rajma\.m2\repository\com\google\code\findbugs\jsr305\3.0.2\jsr305-3.0.2.jar;C:\Users\rajma\.m2\repository\jakarta\json\jakarta.json-api\1.1.6\jakarta.json-api-1.1.6.jar;C:\Users\rajma\.m2\repository\org\eclipse\parsson\parsson\1.0.0\parsson-1.0.0.jar;C:\Users\rajma\.m2\repository\org\elasticsearch\client\elasticsearch-rest-client\7.17.7\elasticsearch-rest-client-7.17.7.jar;C:\Users\rajma\.m2\repository\org\apache\httpcomponents\httpclient\4.5.13\httpclient-4.5.13.jar;C:\Users\rajma\.m2\repository\org\apache\httpcomponents\httpcore\4.4.15\httpcore-4.4.15.jar;C:\Users\rajma\.m2\repository\org\apache\httpcomponents\httpasyncclient\4.1.5\httpasyncclient-4.1.5.jar;C:\Users\rajma\.m2\repository\org\apache\httpcomponents\httpcore-nio\4.4.15\httpcore-nio-4.4.15.jar;C:\Users\rajma\.m2\repository\commons-codec\commons-codec\1.15\commons-codec-1.15.jar;C:\Users\rajma\.m2\repository\com\fasterxml\jackson\core\jackson-core\2.13.4\jackson-core-2.13.4.jar;C:\Users\rajma\.m2\repository\org\slf4j\slf4j-api\1.7.36\slf4j-api-1.7.36.jar;C:\Users\rajma\.m2\repository\org\springframework\boot\spring-boot-starter-web\2.7.6\spring-boot-starter-web-2.7.6.jar;C:\Users\rajma\.m2\repository\org\springframework\boot\spring-boot-starter-json\2.7.6\spring-boot-starter-json-2.7.6.jar;C:\Users\rajma\.m2\repository\com\fasterxml\jackson\datatype\jackson-datatype-jdk8\2.13.4\jackson-datatype-jdk8-2.13.4.jar;C:\Users\rajma\.m2\repository\com\fasterxml\jackson\module\jackson-module-parameter-names\2.13.4\jackson-module-parameter-names-2.13.4.jar;C:\Users\rajma\.m2\repository\org\springframework\boot\spring-boot-starter-tomcat\2.7.6\spring-boot-starter-tomcat-2.7.6.jar;C:\Users\rajma\.m2\repository\org\apache\tomcat\embed\tomcat-embed-websocket\9.0.69\tomcat-embed-websocket-9.0.69.jar;C:\Users\rajma\.m2\repository\org\springframework\spring-web\5.3.24\spring-web-5.3.24.jar;C:\Users\rajma\.m2\repository\org\springframework\spring-beans\5.3.24\spring-beans-5.3.24.jar;C:\Users\rajma\.m2\repository\org\springframework\spring-webmvc\5.3.24\spring-webmvc-5.3.24.jar;C:\Users\rajma\.m2\repository\org\springframework\spring-aop\5.3.24\spring-aop-5.3.24.jar;C:\Users\rajma\.m2\repository\org\springframework\spring-expression\5.3.24\spring-expression-5.3.24.jar;C:\Users\rajma\.m2\repository\org\springframework\boot\spring-boot-devtools\2.7.6\spring-boot-devtools-2.7.6.jar;C:\Users\rajma\.m2\repository\org\springframework\boot\spring-boot\2.7.6\spring-boot-2.7.6.jar;C:\Users\rajma\.m2\repository\org\springframework\boot\spring-boot-autoconfigure\2.7.6\spring-boot-autoconfigure-2.7.6.jar;C:\Users\rajma\.m2\repository\org\springframework\spring-core\5.3.24\spring-core-5.3.24.jar;C:\Users\rajma\.m2\repository\org\springframework\spring-jcl\5.3.24\spring-jcl-5.3.24.jar;C:\Users\rajma\.m2\repository\org\apache\tomcat\embed\tomcat-embed-jasper\9.0.58\tomcat-embed-jasper-9.0.58.jar;C:\Users\rajma\.m2\repository\org\apache\tomcat\embed\tomcat-embed-core\9.0.69\tomcat-embed-core-9.0.69.jar;C:\Users\rajma\.m2\repository\org\apache\tomcat\tomcat-annotations-api\9.0.69\tomcat-annotations-api-9.0.69.jar;C:\Users\rajma\.m2\repository\org\apache\tomcat\embed\tomcat-embed-el\9.0.69\tomcat-embed-el-9.0.69.jar;C:\Users\rajma\.m2\repository\org\eclipse\jdt\ecj\3.18.0\ecj-3.18.0.jar;C:\Users\rajma\.m2\repository\javax\servlet\jstl\1.2\jstl-1.2.jar
Launcher Type: SUN_STANDARD

[Global flags]
     intx CICompilerCount                          = 4                                         {product} {ergonomic}
     uint ConcGCThreads                            = 2                                         {product} {ergonomic}
     uint G1ConcRefinementThreads                  = 8                                         {product} {ergonomic}
   size_t G1HeapRegionSize                         = 2097152                                   {product} {ergonomic}
    uintx GCDrainStackTargetSize                   = 64                                        {product} {ergonomic}
   size_t InitialHeapSize                          = 264241152                                 {product} {ergonomic}
     bool ManagementServer                         = true                                      {product} {command line}
   size_t MarkStackSize                            = 4194304                                   {product} {ergonomic}
   size_t MaxHeapSize                              = 4223664128                                {product} {ergonomic}
   size_t MinHeapDeltaBytes                        = 2097152                                   {product} {ergonomic}
   size_t MinHeapSize                              = 8388608                                   {product} {ergonomic}
    uintx NonProfiledCodeHeapSize                  = 0                                      {pd product} {ergonomic}
     bool ProfileInterpreter                       = false                                  {pd product} {command line}
    uintx ProfiledCodeHeapSize                     = 0                                      {pd product} {ergonomic}
   size_t SoftMaxHeapSize                          = 4223664128                             {manageable} {ergonomic}
     intx TieredStopAtLevel                        = 1                                         {product} {command line}
     bool UseCompressedClassPointers               = true                           {product lp64_product} {ergonomic}
     bool UseCompressedOops                        = true                           {product lp64_product} {ergonomic}
     bool UseG1GC                                  = true                                      {product} {ergonomic}
     bool UseLargePagesIndividualAllocation        = false                                  {pd product} {ergonomic}

Logging:
Log output configuration:
 #0: stdout all=warning uptime,level,tags foldmultilines=false
 #1: stderr all=off uptime,level,tags foldmultilines=false

Environment Variables:
JAVA_HOME=C:\Program Files\Java\jdk-17.0.2
CLASSPATH=C:\Program Files (x86)\MySQL\Connector J 8.0\mysql-connector-java-8.0.24.jar
PATH=C:\Program Files\Common Files\Oracle\Java\javapath;C:\Program Files\Python39\Scripts\;C:\Program Files\Python39\;C:\windows\system32;C:\windows;C:\windows\System32\Wbem;C:\windows\System32\WindowsPowerShell\v1.0\;C:\windows\System32\OpenSSH\;C:\Program Files\NVIDIA Corporation\NVIDIA NvDLISR;C:\WINDOWS\system32;C:\WINDOWS;C:\WINDOWS\System32\Wbem;C:\WINDOWS\System32\WindowsPowerShell\v1.0\;C:\WINDOWS\System32\OpenSSH\;C:\Program Files\Java\jdk-16.0.1\bin;C:\Program Files\dotnet\;C:\Users\rajma\Downloads\SetupFiles\MinGw\bin;C:\Program Files\Git\cmd;C:\Program Files\Java\jdk-17.0.2;C:\Users\rajma\Downloads\SetupFiles\wget-1.21.2-win64;C:\Users\rajma\anaconda3;C:\Users\rajma\anaconda3\envs\tf_env;C:\Program Files\MongoDB\Server\5.0\bin;C:\Users\rajma\Downloads\setup\apache-maven-3.8.4-bin\apache-maven-3.8.4\bin;C:\Program Files (x86)\NVIDIA Corporation\PhysX\Common;C:\Program Files\Java\jdk-17.0.2\bin;C:\Apache\apache-zookeepe;C:\Android;C:\Windows\System32;C:\Users\rajma\anaconda3;C:\Users\rajma\anaconda3\Library\mingw-w64\bin;C:\Users\rajma\anaconda3\Library\usr\bin;C:\Users\rajma\anaconda3\Library\bin;C:\Users\rajma\anaconda3\Scripts;C:\Program Files\MySQL\MySQL Shell 8.0\bin\;C:\python\Scripts\;C:\python\;C:\Users\rajma\AppData\Local\Microsoft\WindowsApps;C:\Users\rajma\Downloads\SetupFiles\Microsoft VS Code\bin;C:\Users\rajma\AppData\Local\GitHubDesktop\bin;C:\Users\rajma\AppData\Local\Programs\mongosh\;C:\Users\rajma\AppData\Roaming\Python\Python39\Scripts;C:\Program Files\JetBrains\IntelliJ IDEA Community Edition 2022.2\bin;;C:\Program Files\JetBrains\IntelliJ IDEA 2022.2\bin;;;C:\Users\rajma\AppData\Local\Coursier\data\bin
USERNAME=rajmadhu
OS=Windows_NT
PROCESSOR_IDENTIFIER=Intel64 Family 6 Model 142 Stepping 12, GenuineIntel



---------------  S Y S T E M  ---------------

OS:
 Windows 10 , 64 bit Build 19041 (10.0.19041.2251)
OS uptime: 0 days 5:27 hours
Hyper-V role detected

CPU: total 8 (initial active 8) (4 cores per cpu, 2 threads per core) family 6 model 142 stepping 12 microcode 0xca, cx8, cmov, fxsr, ht, mmx, 3dnowpref, sse, sse2, sse3, ssse3, sse4.1, sse4.2, popcnt, lzcnt, tsc, tscinvbit, avx, avx2, aes, erms, clmul, bmi1, bmi2, adx, fma, vzeroupper, clflush, clflushopt, hv

Memory: 4k page, system-wide physical 16105M (2267M free)
TotalPageFile size 16105M (AvailPageFile size 253M)
current process WorkingSet (physical memory assigned to process): 10M, peak: 10M
current process commit charge ("private bytes"): 55M, peak: 307M

vm_info: OpenJDK 64-Bit Server VM (18.0.2+9-61) for windows-amd64 JRE (18.0.2+9-61), built on Jun  7 2022 13:05:59 by "mach5one" with MS VC++ 16.8 / 16.9 (VS2019)

END.
